[2023-08-26 08:45:19.147 -07:00  INF] Microsoft.AspNetCore.Hosting.Diagnostics: Request starting HTTP/2 GET https://localhost:7253/swagger - -
[2023-08-26 08:45:19.240 -07:00  INF] Microsoft.AspNetCore.Hosting.Diagnostics: Request finished HTTP/2 GET https://localhost:7253/swagger - - - 301 0 - 99.8876ms
[2023-08-26 08:45:19.244 -07:00  INF] Microsoft.AspNetCore.Hosting.Diagnostics: Request starting HTTP/2 GET https://localhost:7253/swagger/index.html - -
[2023-08-26 08:45:19.461 -07:00  INF] Microsoft.AspNetCore.Hosting.Diagnostics: Request finished HTTP/2 GET https://localhost:7253/swagger/index.html - - - 200 - text/html;charset=utf-8 217.3959ms
[2023-08-26 08:45:19.465 -07:00  INF] Microsoft.AspNetCore.Hosting.Diagnostics: Request starting HTTP/2 GET https://localhost:7253/swagger/swagger-ui-bundle.js - -
[2023-08-26 08:45:19.466 -07:00  INF] Microsoft.AspNetCore.Hosting.Diagnostics: Request starting HTTP/2 GET https://localhost:7253/_framework/aspnetcore-browser-refresh.js - -
[2023-08-26 08:45:19.467 -07:00  INF] Microsoft.AspNetCore.Hosting.Diagnostics: Request starting HTTP/2 GET https://localhost:7253/swagger/swagger-ui-standalone-preset.js - -
[2023-08-26 08:45:19.467 -07:00  INF] Microsoft.AspNetCore.Hosting.Diagnostics: Request starting HTTP/2 GET https://localhost:7253/swagger/swagger-ui.css - -
[2023-08-26 08:45:19.471 -07:00  INF] Microsoft.AspNetCore.Hosting.Diagnostics: Request finished HTTP/2 GET https://localhost:7253/_framework/aspnetcore-browser-refresh.js - - - 200 12344 application/javascript;+charset=utf-8 5.4139ms
[2023-08-26 08:45:19.473 -07:00  INF] Microsoft.AspNetCore.Hosting.Diagnostics: Request starting HTTP/2 GET https://localhost:7253/_vs/browserLink - -
[2023-08-26 08:45:19.495 -07:00  INF] Microsoft.AspNetCore.StaticFiles.StaticFileMiddleware: Sending file. Request path: '/swagger-ui-standalone-preset.js'. Physical path: 'N/A'
[2023-08-26 08:45:19.495 -07:00  INF] Microsoft.AspNetCore.StaticFiles.StaticFileMiddleware: Sending file. Request path: '/swagger-ui.css'. Physical path: 'N/A'
[2023-08-26 08:45:19.505 -07:00  INF] Microsoft.AspNetCore.Hosting.Diagnostics: Request finished HTTP/2 GET https://localhost:7253/swagger/swagger-ui-standalone-preset.js - - - 200 312163 application/javascript 33.6979ms
[2023-08-26 08:45:19.511 -07:00  INF] Microsoft.AspNetCore.Hosting.Diagnostics: Request finished HTTP/2 GET https://localhost:7253/swagger/swagger-ui.css - - - 200 144929 text/css 32.8757ms
[2023-08-26 08:45:19.517 -07:00  INF] Microsoft.AspNetCore.Hosting.Diagnostics: Request finished HTTP/2 GET https://localhost:7253/_vs/browserLink - - - 200 - text/javascript;+charset=UTF-8 43.7360ms
[2023-08-26 08:45:19.518 -07:00  INF] Microsoft.AspNetCore.StaticFiles.StaticFileMiddleware: Sending file. Request path: '/swagger-ui-bundle.js'. Physical path: 'N/A'
[2023-08-26 08:45:19.519 -07:00  INF] Microsoft.AspNetCore.Hosting.Diagnostics: Request finished HTTP/2 GET https://localhost:7253/swagger/swagger-ui-bundle.js - - - 200 1061536 application/javascript 54.5844ms
[2023-08-26 08:45:19.778 -07:00  INF] Microsoft.AspNetCore.Hosting.Diagnostics: Request starting HTTP/2 GET https://localhost:7253/swagger/v1/swagger.json - -
[2023-08-26 08:45:19.788 -07:00  INF] Microsoft.AspNetCore.Hosting.Diagnostics: Request starting HTTP/2 GET https://localhost:7253/swagger/favicon-32x32.png - -
[2023-08-26 08:45:19.790 -07:00  INF] Microsoft.AspNetCore.StaticFiles.StaticFileMiddleware: Sending file. Request path: '/favicon-32x32.png'. Physical path: 'N/A'
[2023-08-26 08:45:19.791 -07:00  INF] Microsoft.AspNetCore.Hosting.Diagnostics: Request finished HTTP/2 GET https://localhost:7253/swagger/favicon-32x32.png - - - 200 628 image/png 2.8057ms
[2023-08-26 08:45:19.863 -07:00  INF] Microsoft.AspNetCore.Hosting.Diagnostics: Request finished HTTP/2 GET https://localhost:7253/swagger/v1/swagger.json - - - 200 - application/json;charset=utf-8 85.3828ms
[2023-08-26 08:45:29.315 -07:00  INF] Microsoft.AspNetCore.Hosting.Diagnostics: Request starting HTTP/2 GET https://localhost:7253/api/Author/1 - -
[2023-08-26 08:45:29.340 -07:00  INF] Microsoft.AspNetCore.Routing.EndpointMiddleware: Executing endpoint 'LSPApi.Controllers.AuthorController.GetById (LSPApi)'
[2023-08-26 08:45:29.366 -07:00  INF] Microsoft.AspNetCore.Mvc.Infrastructure.ControllerActionInvoker: Route matched with {action = "GetById", controller = "Author"}. Executing controller action with signature System.Threading.Tasks.Task`1[LSPApi.DataLayer.Model.AuthorDto] GetById(Int32) on controller LSPApi.Controllers.AuthorController (LSPApi).
[2023-08-26 08:45:33.977 -07:00  INF] Microsoft.EntityFrameworkCore.Database.Command: Executed DbCommand (64ms) [Parameters=[@__id_0='?' (DbType = Int32)], CommandType='"Text"', CommandTimeout='30']
SELECT `a`.`AuthorID`, `a`.`Address1`, `a`.`Address2`, `a`.`Admin`, `a`.`Bio`, `a`.`BusinessPhone`, `a`.`CellPhone`, `a`.`City`, `a`.`Country`, `a`.`DateCreated`, `a`.`DateUpdated`, `a`.`Email`, `a`.`FirstName`, `a`.`HomePhone`, `a`.`LastName`, `a`.`MiddleName`, `a`.`Password`, `a`.`Prefix`, `a`.`State`, `a`.`Suffix`, `a`.`Username`, `a`.`ZIP`
FROM `Author` AS `a`
WHERE `a`.`AuthorID` = @__id_0
LIMIT 1
[2023-08-26 08:45:34.085 -07:00  INF] Microsoft.AspNetCore.Mvc.Infrastructure.ObjectResultExecutor: Executing ObjectResult, writing value of type 'LSPApi.DataLayer.Model.AuthorDto'.
[2023-08-26 08:45:34.104 -07:00  INF] Microsoft.AspNetCore.Mvc.Infrastructure.ControllerActionInvoker: Executed action LSPApi.Controllers.AuthorController.GetById (LSPApi) in 4729.5387ms
[2023-08-26 08:45:34.106 -07:00  INF] Microsoft.AspNetCore.Routing.EndpointMiddleware: Executed endpoint 'LSPApi.Controllers.AuthorController.GetById (LSPApi)'
[2023-08-26 08:45:34.118 -07:00  INF] Microsoft.AspNetCore.Hosting.Diagnostics: Request finished HTTP/2 GET https://localhost:7253/api/Author/1 - - - 200 - application/json;+charset=utf-8 4803.3852ms
[2023-08-26 08:59:39.796 -07:00  INF] Microsoft.AspNetCore.Hosting.Diagnostics: Request starting HTTP/2 GET https://localhost:7253/swagger/index.html - -
[2023-08-26 08:59:40.106 -07:00  INF] Microsoft.AspNetCore.Hosting.Diagnostics: Request starting HTTP/2 GET https://localhost:7253/_framework/aspnetcore-browser-refresh.js - -
[2023-08-26 08:59:40.111 -07:00  INF] Microsoft.AspNetCore.Hosting.Diagnostics: Request finished HTTP/2 GET https://localhost:7253/swagger/index.html - - - 200 - text/html;charset=utf-8 322.2642ms
[2023-08-26 08:59:40.111 -07:00  INF] Microsoft.AspNetCore.Hosting.Diagnostics: Request finished HTTP/2 GET https://localhost:7253/_framework/aspnetcore-browser-refresh.js - - - 200 12344 application/javascript;+charset=utf-8 3.5907ms
[2023-08-26 08:59:40.116 -07:00  INF] Microsoft.AspNetCore.Hosting.Diagnostics: Request starting HTTP/2 GET https://localhost:7253/_vs/browserLink - -
[2023-08-26 08:59:40.128 -07:00  INF] Microsoft.AspNetCore.Hosting.Diagnostics: Request finished HTTP/2 GET https://localhost:7253/_vs/browserLink - - - 200 - text/javascript;+charset=UTF-8 11.0181ms
[2023-08-26 08:59:40.397 -07:00  INF] Microsoft.AspNetCore.Hosting.Diagnostics: Request starting HTTP/2 GET https://localhost:7253/swagger/v1/swagger.json - -
[2023-08-26 08:59:40.475 -07:00  INF] Microsoft.AspNetCore.Hosting.Diagnostics: Request finished HTTP/2 GET https://localhost:7253/swagger/v1/swagger.json - - - 200 - application/json;charset=utf-8 77.8838ms
[2023-08-26 08:59:51.005 -07:00  INF] Microsoft.AspNetCore.Hosting.Diagnostics: Request starting HTTP/2 GET https://localhost:7253/api/Author/mark - -
[2023-08-26 08:59:51.043 -07:00  ERR] Microsoft.AspNetCore.Diagnostics.DeveloperExceptionPageMiddleware: An unhandled exception has occurred while executing the request.
System.InvalidOperationException: The constraint reference 'string' could not be resolved to a type. Register the constraint type with 'Microsoft.AspNetCore.Routing.RouteOptions.ConstraintMap'.
   at Microsoft.AspNetCore.Routing.DefaultParameterPolicyFactory.Create(RoutePatternParameterPart parameter, String inlineText)
   at Microsoft.AspNetCore.Routing.ParameterPolicyFactory.Create(RoutePatternParameterPart parameter, RoutePatternParameterPolicyReference reference)
   at Microsoft.AspNetCore.Routing.Matching.DfaMatcherBuilder.CreateCandidate(Endpoint endpoint, Int32 score)
   at Microsoft.AspNetCore.Routing.Matching.DfaMatcherBuilder.CreateCandidates(IReadOnlyList`1 endpoints)
   at Microsoft.AspNetCore.Routing.Matching.DfaMatcherBuilder.AddNode(DfaNode node, DfaState[] states, Int32 exitDestination)
   at Microsoft.AspNetCore.Routing.Matching.DfaMatcherBuilder.AddNode(DfaNode node, DfaState[] states, Int32 exitDestination)
   at Microsoft.AspNetCore.Routing.Matching.DfaMatcherBuilder.AddNode(DfaNode node, DfaState[] states, Int32 exitDestination)
   at Microsoft.AspNetCore.Routing.Matching.DfaMatcherBuilder.AddNode(DfaNode node, DfaState[] states, Int32 exitDestination)
   at Microsoft.AspNetCore.Routing.Matching.DfaMatcherBuilder.AddNode(DfaNode node, DfaState[] states, Int32 exitDestination)
   at Microsoft.AspNetCore.Routing.Matching.DfaMatcherBuilder.Build()
   at Microsoft.AspNetCore.Routing.Matching.DataSourceDependentMatcher.CreateMatcher(IReadOnlyList`1 endpoints)
   at Microsoft.AspNetCore.Routing.DataSourceDependentCache`1.Initialize()
   at System.Threading.LazyInitializer.EnsureInitializedCore[T](T& target, Boolean& initialized, Object& syncLock, Func`1 valueFactory)
   at System.Threading.LazyInitializer.EnsureInitialized[T](T& target, Boolean& initialized, Object& syncLock, Func`1 valueFactory)
   at Microsoft.AspNetCore.Routing.Matching.DataSourceDependentMatcher..ctor(EndpointDataSource dataSource, Lifetime lifetime, Func`1 matcherBuilderFactory)
   at Microsoft.AspNetCore.Routing.Matching.DfaMatcherFactory.CreateMatcher(EndpointDataSource dataSource)
   at Microsoft.AspNetCore.Routing.EndpointRoutingMiddleware.InitializeCoreAsync()
--- End of stack trace from previous location ---
   at Microsoft.AspNetCore.Routing.EndpointRoutingMiddleware.<Invoke>g__AwaitMatcher|8_0(EndpointRoutingMiddleware middleware, HttpContext httpContext, Task`1 matcherTask)
   at Swashbuckle.AspNetCore.SwaggerUI.SwaggerUIMiddleware.Invoke(HttpContext httpContext)
   at Swashbuckle.AspNetCore.Swagger.SwaggerMiddleware.Invoke(HttpContext httpContext, ISwaggerProvider swaggerProvider)
   at Microsoft.AspNetCore.Diagnostics.DeveloperExceptionPageMiddleware.Invoke(HttpContext context)
[2023-08-26 08:59:51.047 -07:00  INF] Microsoft.AspNetCore.Hosting.Diagnostics: Request finished HTTP/2 GET https://localhost:7253/api/Author/mark - - - 500 - text/plain;+charset=utf-8 41.8822ms
[2023-08-26 09:01:11.300 -07:00  INF] Microsoft.AspNetCore.Hosting.Diagnostics: Request starting HTTP/2 GET https://localhost:7253/swagger/index.html - -
[2023-08-26 09:01:11.581 -07:00  INF] Microsoft.AspNetCore.Hosting.Diagnostics: Request finished HTTP/2 GET https://localhost:7253/swagger/index.html - - - 200 - text/html;charset=utf-8 288.1540ms
[2023-08-26 09:01:11.586 -07:00  INF] Microsoft.AspNetCore.Hosting.Diagnostics: Request starting HTTP/2 GET https://localhost:7253/_framework/aspnetcore-browser-refresh.js - -
[2023-08-26 09:01:11.591 -07:00  INF] Microsoft.AspNetCore.Hosting.Diagnostics: Request finished HTTP/2 GET https://localhost:7253/_framework/aspnetcore-browser-refresh.js - - - 200 12344 application/javascript;+charset=utf-8 6.5468ms
[2023-08-26 09:01:11.594 -07:00  INF] Microsoft.AspNetCore.Hosting.Diagnostics: Request starting HTTP/2 GET https://localhost:7253/_vs/browserLink - -
[2023-08-26 09:01:11.607 -07:00  INF] Microsoft.AspNetCore.Hosting.Diagnostics: Request finished HTTP/2 GET https://localhost:7253/_vs/browserLink - - - 200 - text/javascript;+charset=UTF-8 13.1114ms
[2023-08-26 09:01:11.811 -07:00  INF] Microsoft.AspNetCore.Hosting.Diagnostics: Request starting HTTP/2 GET https://localhost:7253/swagger/v1/swagger.json - -
[2023-08-26 09:01:11.895 -07:00  INF] Microsoft.AspNetCore.Hosting.Diagnostics: Request finished HTTP/2 GET https://localhost:7253/swagger/v1/swagger.json - - - 200 - application/json;charset=utf-8 83.7488ms
[2023-08-26 09:01:20.837 -07:00  INF] Microsoft.AspNetCore.Hosting.Diagnostics: Request starting HTTP/2 GET https://localhost:7253/api/Author/mark - -
[2023-08-26 09:01:20.863 -07:00  INF] Microsoft.AspNetCore.Routing.EndpointMiddleware: Executing endpoint 'LSPApi.Controllers.AuthorController.GetByUsername (LSPApi)'
[2023-08-26 09:01:20.888 -07:00  INF] Microsoft.AspNetCore.Mvc.Infrastructure.ControllerActionInvoker: Route matched with {action = "GetByUsername", controller = "Author"}. Executing controller action with signature System.Threading.Tasks.Task`1[LSPApi.DataLayer.Model.AuthorDto] GetByUsername(System.String) on controller LSPApi.Controllers.AuthorController (LSPApi).
[2023-08-26 09:01:37.194 -07:00  INF] Microsoft.EntityFrameworkCore.Database.Command: Executed DbCommand (82ms) [Parameters=[@__username_0='?' (Size = 4000)], CommandType='"Text"', CommandTimeout='30']
SELECT `a`.`AuthorID`, `a`.`Address1`, `a`.`Address2`, `a`.`Admin`, `a`.`Bio`, `a`.`BusinessPhone`, `a`.`CellPhone`, `a`.`City`, `a`.`Country`, `a`.`DateCreated`, `a`.`DateUpdated`, `a`.`Email`, `a`.`FirstName`, `a`.`HomePhone`, `a`.`LastName`, `a`.`MiddleName`, `a`.`Password`, `a`.`Prefix`, `a`.`State`, `a`.`Suffix`, `a`.`Username`, `a`.`ZIP`
FROM `Author` AS `a`
WHERE `a`.`Username` = @__username_0
LIMIT 1
[2023-08-26 09:01:37.300 -07:00  INF] Microsoft.AspNetCore.Mvc.Infrastructure.ObjectResultExecutor: Executing ObjectResult, writing value of type 'LSPApi.DataLayer.Model.AuthorDto'.
[2023-08-26 09:01:37.319 -07:00  INF] Microsoft.AspNetCore.Mvc.Infrastructure.ControllerActionInvoker: Executed action LSPApi.Controllers.AuthorController.GetByUsername (LSPApi) in 16422.343ms
[2023-08-26 09:01:37.322 -07:00  INF] Microsoft.AspNetCore.Routing.EndpointMiddleware: Executed endpoint 'LSPApi.Controllers.AuthorController.GetByUsername (LSPApi)'
[2023-08-26 09:01:37.334 -07:00  INF] Microsoft.AspNetCore.Hosting.Diagnostics: Request finished HTTP/2 GET https://localhost:7253/api/Author/mark - - - 200 - application/json;+charset=utf-8 16496.1727ms
[2023-08-26 09:23:14.697 -07:00  INF] Microsoft.AspNetCore.Hosting.Diagnostics: Request starting HTTP/2 GET https://localhost:7253/swagger/index.html - -
[2023-08-26 09:23:14.980 -07:00  INF] Microsoft.AspNetCore.Hosting.Diagnostics: Request finished HTTP/2 GET https://localhost:7253/swagger/index.html - - - 200 - text/html;charset=utf-8 290.0577ms
[2023-08-26 09:23:14.985 -07:00  INF] Microsoft.AspNetCore.Hosting.Diagnostics: Request starting HTTP/2 GET https://localhost:7253/_framework/aspnetcore-browser-refresh.js - -
[2023-08-26 09:23:14.989 -07:00  INF] Microsoft.AspNetCore.Hosting.Diagnostics: Request finished HTTP/2 GET https://localhost:7253/_framework/aspnetcore-browser-refresh.js - - - 200 12344 application/javascript;+charset=utf-8 3.5082ms
[2023-08-26 09:23:14.992 -07:00  INF] Microsoft.AspNetCore.Hosting.Diagnostics: Request starting HTTP/2 GET https://localhost:7253/_vs/browserLink - -
[2023-08-26 09:23:15.004 -07:00  INF] Microsoft.AspNetCore.Hosting.Diagnostics: Request finished HTTP/2 GET https://localhost:7253/_vs/browserLink - - - 200 - text/javascript;+charset=UTF-8 12.0612ms
[2023-08-26 09:23:15.200 -07:00  INF] Microsoft.AspNetCore.Hosting.Diagnostics: Request starting HTTP/2 GET https://localhost:7253/swagger/v1/swagger.json - -
[2023-08-26 09:23:15.282 -07:00  INF] Microsoft.AspNetCore.Hosting.Diagnostics: Request finished HTTP/2 GET https://localhost:7253/swagger/v1/swagger.json - - - 200 - application/json;charset=utf-8 81.2317ms
[2023-08-26 09:23:25.018 -07:00  INF] Microsoft.AspNetCore.Hosting.Diagnostics: Request starting HTTP/2 GET https://localhost:7253/api/Author/1 - -
[2023-08-26 09:23:25.042 -07:00  INF] Microsoft.AspNetCore.Routing.EndpointMiddleware: Executing endpoint 'LSPApi.Controllers.AuthorController.GetById (LSPApi)'
[2023-08-26 09:23:25.068 -07:00  INF] Microsoft.AspNetCore.Mvc.Infrastructure.ControllerActionInvoker: Route matched with {action = "GetById", controller = "Author"}. Executing controller action with signature System.Threading.Tasks.Task`1[LSPApi.DataLayer.Model.AuthorDto] GetById(Int32) on controller LSPApi.Controllers.AuthorController (LSPApi).
[2023-08-26 09:23:29.942 -07:00  INF] Microsoft.EntityFrameworkCore.Database.Command: Executed DbCommand (83ms) [Parameters=[@__id_0='?' (DbType = Int32)], CommandType='"Text"', CommandTimeout='30']
SELECT `a`.`AuthorID`, `a`.`Address1`, `a`.`Address2`, `a`.`Admin`, `a`.`Bio`, `a`.`BusinessPhone`, `a`.`CellPhone`, `a`.`City`, `a`.`Country`, `a`.`DateCreated`, `a`.`DateUpdated`, `a`.`Email`, `a`.`FirstName`, `a`.`HomePhone`, `a`.`LastName`, `a`.`MiddleName`, `a`.`Password`, `a`.`Prefix`, `a`.`State`, `a`.`Suffix`, `a`.`Username`, `a`.`ZIP`
FROM `Author` AS `a`
WHERE `a`.`AuthorID` = @__id_0
LIMIT 1
[2023-08-26 09:23:30.050 -07:00  INF] Microsoft.AspNetCore.Mvc.Infrastructure.ObjectResultExecutor: Executing ObjectResult, writing value of type 'LSPApi.DataLayer.Model.AuthorDto'.
[2023-08-26 09:23:30.067 -07:00  INF] Microsoft.AspNetCore.Mvc.Infrastructure.ControllerActionInvoker: Executed action LSPApi.Controllers.AuthorController.GetById (LSPApi) in 4991.2261ms
[2023-08-26 09:23:30.069 -07:00  INF] Microsoft.AspNetCore.Routing.EndpointMiddleware: Executed endpoint 'LSPApi.Controllers.AuthorController.GetById (LSPApi)'
[2023-08-26 09:23:30.081 -07:00  INF] Microsoft.AspNetCore.Hosting.Diagnostics: Request finished HTTP/2 GET https://localhost:7253/api/Author/1 - - - 200 - application/json;+charset=utf-8 5062.6393ms
[2023-08-26 09:29:12.392 -07:00  INF] Microsoft.AspNetCore.Hosting.Diagnostics: Request starting HTTP/1.1 GET https://localhost:7253/api/author/mark - -
[2023-08-26 09:29:12.392 -07:00  INF] Microsoft.AspNetCore.Hosting.Diagnostics: Request starting HTTP/1.1 GET https://localhost:7253/api/author/mark - -
[2023-08-26 09:29:12.394 -07:00  INF] Microsoft.AspNetCore.Routing.EndpointMiddleware: Executing endpoint 'LSPApi.Controllers.AuthorController.GetByUsername (LSPApi)'
[2023-08-26 09:29:12.395 -07:00  INF] Microsoft.AspNetCore.Routing.EndpointMiddleware: Executing endpoint 'LSPApi.Controllers.AuthorController.GetByUsername (LSPApi)'
[2023-08-26 09:29:12.397 -07:00  INF] Microsoft.AspNetCore.Mvc.Infrastructure.ControllerActionInvoker: Route matched with {action = "GetByUsername", controller = "Author"}. Executing controller action with signature System.Threading.Tasks.Task`1[LSPApi.DataLayer.Model.AuthorDto] GetByUsername(System.String) on controller LSPApi.Controllers.AuthorController (LSPApi).
[2023-08-26 09:29:12.398 -07:00  INF] Microsoft.AspNetCore.Mvc.Infrastructure.ControllerActionInvoker: Route matched with {action = "GetByUsername", controller = "Author"}. Executing controller action with signature System.Threading.Tasks.Task`1[LSPApi.DataLayer.Model.AuthorDto] GetByUsername(System.String) on controller LSPApi.Controllers.AuthorController (LSPApi).
[2023-08-26 09:29:22.062 -07:00  INF] Microsoft.EntityFrameworkCore.Database.Command: Executed DbCommand (49ms) [Parameters=[@__username_0='?' (Size = 4000)], CommandType='"Text"', CommandTimeout='30']
SELECT `a`.`AuthorID`, `a`.`Address1`, `a`.`Address2`, `a`.`Admin`, `a`.`Bio`, `a`.`BusinessPhone`, `a`.`CellPhone`, `a`.`City`, `a`.`Country`, `a`.`DateCreated`, `a`.`DateUpdated`, `a`.`Email`, `a`.`FirstName`, `a`.`HomePhone`, `a`.`LastName`, `a`.`MiddleName`, `a`.`Password`, `a`.`Prefix`, `a`.`State`, `a`.`Suffix`, `a`.`Username`, `a`.`ZIP`
FROM `Author` AS `a`
WHERE `a`.`Username` = @__username_0
LIMIT 1
[2023-08-26 09:29:23.986 -07:00  INF] Microsoft.EntityFrameworkCore.Database.Command: Executed DbCommand (1,948ms) [Parameters=[@__username_0='?' (Size = 4000)], CommandType='"Text"', CommandTimeout='30']
SELECT `a`.`AuthorID`, `a`.`Address1`, `a`.`Address2`, `a`.`Admin`, `a`.`Bio`, `a`.`BusinessPhone`, `a`.`CellPhone`, `a`.`City`, `a`.`Country`, `a`.`DateCreated`, `a`.`DateUpdated`, `a`.`Email`, `a`.`FirstName`, `a`.`HomePhone`, `a`.`LastName`, `a`.`MiddleName`, `a`.`Password`, `a`.`Prefix`, `a`.`State`, `a`.`Suffix`, `a`.`Username`, `a`.`ZIP`
FROM `Author` AS `a`
WHERE `a`.`Username` = @__username_0
LIMIT 1
[2023-08-26 09:29:29.134 -07:00  INF] Microsoft.AspNetCore.Mvc.Infrastructure.ObjectResultExecutor: Executing ObjectResult, writing value of type 'LSPApi.DataLayer.Model.AuthorDto'.
[2023-08-26 09:29:29.177 -07:00  INF] Microsoft.AspNetCore.Mvc.Infrastructure.ObjectResultExecutor: Executing ObjectResult, writing value of type 'LSPApi.DataLayer.Model.AuthorDto'.
[2023-08-26 09:29:29.178 -07:00  INF] Microsoft.AspNetCore.Mvc.Infrastructure.ControllerActionInvoker: Executed action LSPApi.Controllers.AuthorController.GetByUsername (LSPApi) in 16778.011ms
[2023-08-26 09:29:29.190 -07:00  INF] Microsoft.AspNetCore.Routing.EndpointMiddleware: Executed endpoint 'LSPApi.Controllers.AuthorController.GetByUsername (LSPApi)'
[2023-08-26 09:29:29.191 -07:00  INF] Microsoft.AspNetCore.Mvc.Infrastructure.ControllerActionInvoker: Executed action LSPApi.Controllers.AuthorController.GetByUsername (LSPApi) in 16791.7681ms
[2023-08-26 09:29:29.192 -07:00  INF] Microsoft.AspNetCore.Routing.EndpointMiddleware: Executed endpoint 'LSPApi.Controllers.AuthorController.GetByUsername (LSPApi)'
[2023-08-26 09:29:29.193 -07:00  INF] Microsoft.AspNetCore.Hosting.Diagnostics: Request finished HTTP/1.1 GET https://localhost:7253/api/author/mark - - - 200 - application/json;+charset=utf-8 16800.7894ms
[2023-08-26 09:29:29.194 -07:00  INF] Microsoft.AspNetCore.Hosting.Diagnostics: Request finished HTTP/1.1 GET https://localhost:7253/api/author/mark - - - 200 - application/json;+charset=utf-8 16802.4763ms
[2023-08-26 09:30:18.858 -07:00  INF] Microsoft.AspNetCore.Hosting.Diagnostics: Request starting HTTP/1.1 GET https://localhost:7253/api/author/mark - -
[2023-08-26 09:30:18.859 -07:00  INF] Microsoft.AspNetCore.Hosting.Diagnostics: Request starting HTTP/1.1 GET https://localhost:7253/api/author/mark - -
[2023-08-26 09:30:18.860 -07:00  INF] Microsoft.AspNetCore.Routing.EndpointMiddleware: Executing endpoint 'LSPApi.Controllers.AuthorController.GetByUsername (LSPApi)'
[2023-08-26 09:30:18.861 -07:00  INF] Microsoft.AspNetCore.Routing.EndpointMiddleware: Executing endpoint 'LSPApi.Controllers.AuthorController.GetByUsername (LSPApi)'
[2023-08-26 09:30:18.862 -07:00  INF] Microsoft.AspNetCore.Mvc.Infrastructure.ControllerActionInvoker: Route matched with {action = "GetByUsername", controller = "Author"}. Executing controller action with signature System.Threading.Tasks.Task`1[LSPApi.DataLayer.Model.AuthorDto] GetByUsername(System.String) on controller LSPApi.Controllers.AuthorController (LSPApi).
[2023-08-26 09:30:18.862 -07:00  INF] Microsoft.AspNetCore.Mvc.Infrastructure.ControllerActionInvoker: Route matched with {action = "GetByUsername", controller = "Author"}. Executing controller action with signature System.Threading.Tasks.Task`1[LSPApi.DataLayer.Model.AuthorDto] GetByUsername(System.String) on controller LSPApi.Controllers.AuthorController (LSPApi).
[2023-08-26 09:30:19.007 -07:00  INF] Microsoft.EntityFrameworkCore.Database.Command: Executed DbCommand (48ms) [Parameters=[@__username_0='?' (Size = 4000)], CommandType='"Text"', CommandTimeout='30']
SELECT `a`.`AuthorID`, `a`.`Address1`, `a`.`Address2`, `a`.`Admin`, `a`.`Bio`, `a`.`BusinessPhone`, `a`.`CellPhone`, `a`.`City`, `a`.`Country`, `a`.`DateCreated`, `a`.`DateUpdated`, `a`.`Email`, `a`.`FirstName`, `a`.`HomePhone`, `a`.`LastName`, `a`.`MiddleName`, `a`.`Password`, `a`.`Prefix`, `a`.`State`, `a`.`Suffix`, `a`.`Username`, `a`.`ZIP`
FROM `Author` AS `a`
WHERE `a`.`Username` = @__username_0
LIMIT 1
[2023-08-26 09:30:19.008 -07:00  INF] Microsoft.AspNetCore.Mvc.Infrastructure.ObjectResultExecutor: Executing ObjectResult, writing value of type 'LSPApi.DataLayer.Model.AuthorDto'.
[2023-08-26 09:30:19.009 -07:00  INF] Microsoft.AspNetCore.Mvc.Infrastructure.ControllerActionInvoker: Executed action LSPApi.Controllers.AuthorController.GetByUsername (LSPApi) in 146.5254ms
[2023-08-26 09:30:19.010 -07:00  INF] Microsoft.EntityFrameworkCore.Database.Command: Executed DbCommand (52ms) [Parameters=[@__username_0='?' (Size = 4000)], CommandType='"Text"', CommandTimeout='30']
SELECT `a`.`AuthorID`, `a`.`Address1`, `a`.`Address2`, `a`.`Admin`, `a`.`Bio`, `a`.`BusinessPhone`, `a`.`CellPhone`, `a`.`City`, `a`.`Country`, `a`.`DateCreated`, `a`.`DateUpdated`, `a`.`Email`, `a`.`FirstName`, `a`.`HomePhone`, `a`.`LastName`, `a`.`MiddleName`, `a`.`Password`, `a`.`Prefix`, `a`.`State`, `a`.`Suffix`, `a`.`Username`, `a`.`ZIP`
FROM `Author` AS `a`
WHERE `a`.`Username` = @__username_0
LIMIT 1
[2023-08-26 09:30:19.011 -07:00  INF] Microsoft.AspNetCore.Routing.EndpointMiddleware: Executed endpoint 'LSPApi.Controllers.AuthorController.GetByUsername (LSPApi)'
[2023-08-26 09:30:19.012 -07:00  INF] Microsoft.AspNetCore.Mvc.Infrastructure.ObjectResultExecutor: Executing ObjectResult, writing value of type 'LSPApi.DataLayer.Model.AuthorDto'.
[2023-08-26 09:30:19.013 -07:00  INF] Microsoft.AspNetCore.Hosting.Diagnostics: Request finished HTTP/1.1 GET https://localhost:7253/api/author/mark - - - 200 - application/json;+charset=utf-8 156.7358ms
[2023-08-26 09:30:19.014 -07:00  INF] Microsoft.AspNetCore.Mvc.Infrastructure.ControllerActionInvoker: Executed action LSPApi.Controllers.AuthorController.GetByUsername (LSPApi) in 150.1194ms
[2023-08-26 09:30:19.014 -07:00  INF] Microsoft.AspNetCore.Routing.EndpointMiddleware: Executed endpoint 'LSPApi.Controllers.AuthorController.GetByUsername (LSPApi)'
[2023-08-26 09:30:19.015 -07:00  INF] Microsoft.AspNetCore.Hosting.Diagnostics: Request finished HTTP/1.1 GET https://localhost:7253/api/author/mark - - - 200 - application/json;+charset=utf-8 158.7894ms
[2023-08-26 09:31:41.736 -07:00  INF] Microsoft.AspNetCore.Hosting.Diagnostics: Request starting HTTP/2 GET https://localhost:7253/swagger/index.html - -
[2023-08-26 09:31:42.018 -07:00  INF] Microsoft.AspNetCore.Hosting.Diagnostics: Request finished HTTP/2 GET https://localhost:7253/swagger/index.html - - - 200 - text/html;charset=utf-8 289.0150ms
[2023-08-26 09:31:42.024 -07:00  INF] Microsoft.AspNetCore.Hosting.Diagnostics: Request starting HTTP/2 GET https://localhost:7253/_framework/aspnetcore-browser-refresh.js - -
[2023-08-26 09:31:42.028 -07:00  INF] Microsoft.AspNetCore.Hosting.Diagnostics: Request finished HTTP/2 GET https://localhost:7253/_framework/aspnetcore-browser-refresh.js - - - 200 12344 application/javascript;+charset=utf-8 4.1097ms
[2023-08-26 09:31:42.031 -07:00  INF] Microsoft.AspNetCore.Hosting.Diagnostics: Request starting HTTP/2 GET https://localhost:7253/_vs/browserLink - -
[2023-08-26 09:31:42.044 -07:00  INF] Microsoft.AspNetCore.Hosting.Diagnostics: Request finished HTTP/2 GET https://localhost:7253/_vs/browserLink - - - 200 - text/javascript;+charset=UTF-8 13.0663ms
[2023-08-26 09:31:42.248 -07:00  INF] Microsoft.AspNetCore.Hosting.Diagnostics: Request starting HTTP/2 GET https://localhost:7253/swagger/v1/swagger.json - -
[2023-08-26 09:31:42.333 -07:00  INF] Microsoft.AspNetCore.Hosting.Diagnostics: Request finished HTTP/2 GET https://localhost:7253/swagger/v1/swagger.json - - - 200 - application/json;charset=utf-8 84.0028ms
[2023-08-26 09:32:52.914 -07:00  INF] Microsoft.AspNetCore.Hosting.Diagnostics: Request starting HTTP/1.1 GET https://localhost:7253/api/author/mark/Joellevivi1 - -
[2023-08-26 09:32:52.915 -07:00  INF] Microsoft.AspNetCore.Hosting.Diagnostics: Request starting HTTP/1.1 GET https://localhost:7253/api/author/mark/Joellevivi1 - -
[2023-08-26 09:32:52.940 -07:00  INF] Microsoft.AspNetCore.Routing.EndpointMiddleware: Executing endpoint 'LSPApi.Controllers.AuthorController.GetByUsername (LSPApi)'
[2023-08-26 09:32:52.940 -07:00  INF] Microsoft.AspNetCore.Routing.EndpointMiddleware: Executing endpoint 'LSPApi.Controllers.AuthorController.GetByUsername (LSPApi)'
[2023-08-26 09:32:52.969 -07:00  INF] Microsoft.AspNetCore.Mvc.Infrastructure.ControllerActionInvoker: Route matched with {action = "GetByUsername", controller = "Author"}. Executing controller action with signature System.Threading.Tasks.Task`1[LSPApi.DataLayer.Model.AuthorDto] GetByUsername(System.String, System.String) on controller LSPApi.Controllers.AuthorController (LSPApi).
[2023-08-26 09:32:52.969 -07:00  INF] Microsoft.AspNetCore.Mvc.Infrastructure.ControllerActionInvoker: Route matched with {action = "GetByUsername", controller = "Author"}. Executing controller action with signature System.Threading.Tasks.Task`1[LSPApi.DataLayer.Model.AuthorDto] GetByUsername(System.String, System.String) on controller LSPApi.Controllers.AuthorController (LSPApi).
[2023-08-26 09:32:55.958 -07:00  INF] Microsoft.EntityFrameworkCore.Database.Command: Executed DbCommand (84ms) [Parameters=[@__username_0='?' (Size = 4000), @__password_1='?' (Size = 4000)], CommandType='"Text"', CommandTimeout='30']
SELECT `a`.`AuthorID`, `a`.`Address1`, `a`.`Address2`, `a`.`Admin`, `a`.`Bio`, `a`.`BusinessPhone`, `a`.`CellPhone`, `a`.`City`, `a`.`Country`, `a`.`DateCreated`, `a`.`DateUpdated`, `a`.`Email`, `a`.`FirstName`, `a`.`HomePhone`, `a`.`LastName`, `a`.`MiddleName`, `a`.`Password`, `a`.`Prefix`, `a`.`State`, `a`.`Suffix`, `a`.`Username`, `a`.`ZIP`
FROM `Author` AS `a`
WHERE (`a`.`Username` = @__username_0) AND (`a`.`Password` = @__password_1)
LIMIT 1
[2023-08-26 09:32:55.958 -07:00  INF] Microsoft.EntityFrameworkCore.Database.Command: Executed DbCommand (84ms) [Parameters=[@__username_0='?' (Size = 4000), @__password_1='?' (Size = 4000)], CommandType='"Text"', CommandTimeout='30']
SELECT `a`.`AuthorID`, `a`.`Address1`, `a`.`Address2`, `a`.`Admin`, `a`.`Bio`, `a`.`BusinessPhone`, `a`.`CellPhone`, `a`.`City`, `a`.`Country`, `a`.`DateCreated`, `a`.`DateUpdated`, `a`.`Email`, `a`.`FirstName`, `a`.`HomePhone`, `a`.`LastName`, `a`.`MiddleName`, `a`.`Password`, `a`.`Prefix`, `a`.`State`, `a`.`Suffix`, `a`.`Username`, `a`.`ZIP`
FROM `Author` AS `a`
WHERE (`a`.`Username` = @__username_0) AND (`a`.`Password` = @__password_1)
LIMIT 1
[2023-08-26 09:33:02.102 -07:00  INF] Microsoft.AspNetCore.Mvc.Infrastructure.ObjectResultExecutor: Executing ObjectResult, writing value of type 'LSPApi.DataLayer.Model.AuthorDto'.
[2023-08-26 09:33:02.102 -07:00  INF] Microsoft.AspNetCore.Mvc.Infrastructure.ObjectResultExecutor: Executing ObjectResult, writing value of type 'LSPApi.DataLayer.Model.AuthorDto'.
[2023-08-26 09:33:02.202 -07:00  INF] Microsoft.AspNetCore.Mvc.Infrastructure.ControllerActionInvoker: Executed action LSPApi.Controllers.AuthorController.GetByUsername (LSPApi) in 9225.3895ms
[2023-08-26 09:33:02.202 -07:00  INF] Microsoft.AspNetCore.Mvc.Infrastructure.ControllerActionInvoker: Executed action LSPApi.Controllers.AuthorController.GetByUsername (LSPApi) in 9225.3909ms
[2023-08-26 09:33:02.205 -07:00  INF] Microsoft.AspNetCore.Routing.EndpointMiddleware: Executed endpoint 'LSPApi.Controllers.AuthorController.GetByUsername (LSPApi)'
[2023-08-26 09:33:02.205 -07:00  INF] Microsoft.AspNetCore.Routing.EndpointMiddleware: Executed endpoint 'LSPApi.Controllers.AuthorController.GetByUsername (LSPApi)'
[2023-08-26 09:33:02.217 -07:00  INF] Microsoft.AspNetCore.Hosting.Diagnostics: Request finished HTTP/1.1 GET https://localhost:7253/api/author/mark/Joellevivi1 - - - 200 - application/json;+charset=utf-8 9302.8775ms
[2023-08-26 09:33:02.218 -07:00  INF] Microsoft.AspNetCore.Hosting.Diagnostics: Request finished HTTP/1.1 GET https://localhost:7253/api/author/mark/Joellevivi1 - - - 200 - application/json;+charset=utf-8 9302.8810ms
[2023-08-26 14:52:43.866 -07:00  INF] Microsoft.AspNetCore.Hosting.Diagnostics: Request starting HTTP/2 GET https://localhost:7253/swagger/index.html - -
[2023-08-26 14:52:44.137 -07:00  INF] Microsoft.AspNetCore.Hosting.Diagnostics: Request starting HTTP/2 GET https://localhost:7253/_framework/aspnetcore-browser-refresh.js - -
[2023-08-26 14:52:44.141 -07:00  INF] Microsoft.AspNetCore.Hosting.Diagnostics: Request finished HTTP/2 GET https://localhost:7253/swagger/index.html - - - 200 - text/html;charset=utf-8 280.9037ms
[2023-08-26 14:52:44.142 -07:00  INF] Microsoft.AspNetCore.Hosting.Diagnostics: Request finished HTTP/2 GET https://localhost:7253/_framework/aspnetcore-browser-refresh.js - - - 200 12344 application/javascript;+charset=utf-8 5.1665ms
[2023-08-26 14:52:44.147 -07:00  INF] Microsoft.AspNetCore.Hosting.Diagnostics: Request starting HTTP/2 GET https://localhost:7253/_vs/browserLink - -
[2023-08-26 14:52:44.160 -07:00  INF] Microsoft.AspNetCore.Hosting.Diagnostics: Request finished HTTP/2 GET https://localhost:7253/_vs/browserLink - - - 200 - text/javascript;+charset=UTF-8 12.9972ms
[2023-08-26 14:52:44.366 -07:00  INF] Microsoft.AspNetCore.Hosting.Diagnostics: Request starting HTTP/2 GET https://localhost:7253/swagger/v1/swagger.json - -
[2023-08-26 14:52:44.452 -07:00  INF] Microsoft.AspNetCore.Hosting.Diagnostics: Request finished HTTP/2 GET https://localhost:7253/swagger/v1/swagger.json - - - 200 - application/json;charset=utf-8 86.2473ms
[2023-08-26 14:55:53.043 -07:00  INF] Microsoft.AspNetCore.Hosting.Diagnostics: Request starting HTTP/2 GET https://localhost:7253/swagger/index.html - -
[2023-08-26 14:55:53.327 -07:00  INF] Microsoft.AspNetCore.Hosting.Diagnostics: Request finished HTTP/2 GET https://localhost:7253/swagger/index.html - - - 200 - text/html;charset=utf-8 290.6456ms
[2023-08-26 14:55:53.332 -07:00  INF] Microsoft.AspNetCore.Hosting.Diagnostics: Request starting HTTP/2 GET https://localhost:7253/_framework/aspnetcore-browser-refresh.js - -
[2023-08-26 14:55:53.336 -07:00  INF] Microsoft.AspNetCore.Hosting.Diagnostics: Request finished HTTP/2 GET https://localhost:7253/_framework/aspnetcore-browser-refresh.js - - - 200 12344 application/javascript;+charset=utf-8 4.1071ms
[2023-08-26 14:55:53.339 -07:00  INF] Microsoft.AspNetCore.Hosting.Diagnostics: Request starting HTTP/2 GET https://localhost:7253/_vs/browserLink - -
[2023-08-26 14:55:53.351 -07:00  INF] Microsoft.AspNetCore.Hosting.Diagnostics: Request finished HTTP/2 GET https://localhost:7253/_vs/browserLink - - - 200 - text/javascript;+charset=UTF-8 11.7512ms
[2023-08-26 14:55:53.555 -07:00  INF] Microsoft.AspNetCore.Hosting.Diagnostics: Request starting HTTP/2 GET https://localhost:7253/swagger/v1/swagger.json - -
[2023-08-26 14:55:53.641 -07:00  INF] Microsoft.AspNetCore.Hosting.Diagnostics: Request finished HTTP/2 GET https://localhost:7253/swagger/v1/swagger.json - - - 200 - application/json;charset=utf-8 86.6744ms
[2023-08-26 15:01:57.763 -07:00  INF] Microsoft.AspNetCore.Hosting.Diagnostics: Request starting HTTP/2 GET https://localhost:7253/swagger/index.html - -
[2023-08-26 15:01:58.046 -07:00  INF] Microsoft.AspNetCore.Hosting.Diagnostics: Request finished HTTP/2 GET https://localhost:7253/swagger/index.html - - - 200 - text/html;charset=utf-8 290.1152ms
[2023-08-26 15:01:58.052 -07:00  INF] Microsoft.AspNetCore.Hosting.Diagnostics: Request starting HTTP/2 GET https://localhost:7253/_framework/aspnetcore-browser-refresh.js - -
[2023-08-26 15:01:58.056 -07:00  INF] Microsoft.AspNetCore.Hosting.Diagnostics: Request finished HTTP/2 GET https://localhost:7253/_framework/aspnetcore-browser-refresh.js - - - 200 12344 application/javascript;+charset=utf-8 3.9080ms
[2023-08-26 15:01:58.058 -07:00  INF] Microsoft.AspNetCore.Hosting.Diagnostics: Request starting HTTP/2 GET https://localhost:7253/_vs/browserLink - -
[2023-08-26 15:01:58.071 -07:00  INF] Microsoft.AspNetCore.Hosting.Diagnostics: Request finished HTTP/2 GET https://localhost:7253/_vs/browserLink - - - 200 - text/javascript;+charset=UTF-8 12.2978ms
[2023-08-26 15:01:58.286 -07:00  INF] Microsoft.AspNetCore.Hosting.Diagnostics: Request starting HTTP/2 GET https://localhost:7253/swagger/v1/swagger.json - -
[2023-08-26 15:01:58.367 -07:00  INF] Microsoft.AspNetCore.Hosting.Diagnostics: Request finished HTTP/2 GET https://localhost:7253/swagger/v1/swagger.json - - - 200 - application/json;charset=utf-8 81.2662ms
[2023-08-26 15:03:19.139 -07:00  INF] Microsoft.AspNetCore.Hosting.Diagnostics: Request starting HTTP/1.1 GET https://localhost:7253/api/author/mark/uYSG8_4rDaryl8YpdZr-7DACSJZLwV7Dj_IyxWMBh6I - -
[2023-08-26 15:03:19.140 -07:00  INF] Microsoft.AspNetCore.Hosting.Diagnostics: Request starting HTTP/1.1 GET https://localhost:7253/api/author/mark/uYSG8_4rDaryl8YpdZr-7DACSJZLwV7Dj_IyxWMBh6I - -
[2023-08-26 15:03:19.164 -07:00  INF] Microsoft.AspNetCore.Routing.EndpointMiddleware: Executing endpoint 'LSPApi.Controllers.AuthorController.GetByUsername (LSPApi)'
[2023-08-26 15:03:19.164 -07:00  INF] Microsoft.AspNetCore.Routing.EndpointMiddleware: Executing endpoint 'LSPApi.Controllers.AuthorController.GetByUsername (LSPApi)'
[2023-08-26 15:03:19.191 -07:00  INF] Microsoft.AspNetCore.Mvc.Infrastructure.ControllerActionInvoker: Route matched with {action = "GetByUsername", controller = "Author"}. Executing controller action with signature System.Threading.Tasks.Task`1[LSPApi.DataLayer.Model.AuthorDto] GetByUsername(System.String, System.String) on controller LSPApi.Controllers.AuthorController (LSPApi).
[2023-08-26 15:03:19.191 -07:00  INF] Microsoft.AspNetCore.Mvc.Infrastructure.ControllerActionInvoker: Route matched with {action = "GetByUsername", controller = "Author"}. Executing controller action with signature System.Threading.Tasks.Task`1[LSPApi.DataLayer.Model.AuthorDto] GetByUsername(System.String, System.String) on controller LSPApi.Controllers.AuthorController (LSPApi).
[2023-08-26 15:03:43.313 -07:00  INF] Microsoft.EntityFrameworkCore.Database.Command: Executed DbCommand (108ms) [Parameters=[@__username_0='?' (Size = 4000), @__decrypted_1='?' (Size = 4000)], CommandType='"Text"', CommandTimeout='30']
SELECT `a`.`AuthorID`, `a`.`Address1`, `a`.`Address2`, `a`.`Admin`, `a`.`Bio`, `a`.`BusinessPhone`, `a`.`CellPhone`, `a`.`City`, `a`.`Country`, `a`.`DateCreated`, `a`.`DateUpdated`, `a`.`Email`, `a`.`FirstName`, `a`.`HomePhone`, `a`.`LastName`, `a`.`MiddleName`, `a`.`Password`, `a`.`Prefix`, `a`.`State`, `a`.`Suffix`, `a`.`Username`, `a`.`ZIP`
FROM `Author` AS `a`
WHERE (`a`.`Username` = @__username_0) AND (`a`.`Password` = @__decrypted_1)
LIMIT 1
[2023-08-26 15:03:43.313 -07:00  INF] Microsoft.EntityFrameworkCore.Database.Command: Executed DbCommand (108ms) [Parameters=[@__username_0='?' (Size = 4000), @__decrypted_1='?' (Size = 4000)], CommandType='"Text"', CommandTimeout='30']
SELECT `a`.`AuthorID`, `a`.`Address1`, `a`.`Address2`, `a`.`Admin`, `a`.`Bio`, `a`.`BusinessPhone`, `a`.`CellPhone`, `a`.`City`, `a`.`Country`, `a`.`DateCreated`, `a`.`DateUpdated`, `a`.`Email`, `a`.`FirstName`, `a`.`HomePhone`, `a`.`LastName`, `a`.`MiddleName`, `a`.`Password`, `a`.`Prefix`, `a`.`State`, `a`.`Suffix`, `a`.`Username`, `a`.`ZIP`
FROM `Author` AS `a`
WHERE (`a`.`Username` = @__username_0) AND (`a`.`Password` = @__decrypted_1)
LIMIT 1
[2023-08-26 15:03:51.160 -07:00  INF] Microsoft.AspNetCore.Mvc.Infrastructure.ObjectResultExecutor: Executing ObjectResult, writing value of type 'LSPApi.DataLayer.Model.AuthorDto'.
[2023-08-26 15:03:51.160 -07:00  INF] Microsoft.AspNetCore.Mvc.Infrastructure.ObjectResultExecutor: Executing ObjectResult, writing value of type 'LSPApi.DataLayer.Model.AuthorDto'.
[2023-08-26 15:03:51.178 -07:00  INF] Microsoft.AspNetCore.Mvc.Infrastructure.ControllerActionInvoker: Executed action LSPApi.Controllers.AuthorController.GetByUsername (LSPApi) in 31977.6733ms
[2023-08-26 15:03:51.178 -07:00  INF] Microsoft.AspNetCore.Mvc.Infrastructure.ControllerActionInvoker: Executed action LSPApi.Controllers.AuthorController.GetByUsername (LSPApi) in 31977.6741ms
[2023-08-26 15:03:51.181 -07:00  INF] Microsoft.AspNetCore.Routing.EndpointMiddleware: Executed endpoint 'LSPApi.Controllers.AuthorController.GetByUsername (LSPApi)'
[2023-08-26 15:03:51.181 -07:00  INF] Microsoft.AspNetCore.Routing.EndpointMiddleware: Executed endpoint 'LSPApi.Controllers.AuthorController.GetByUsername (LSPApi)'
[2023-08-26 15:03:51.193 -07:00  INF] Microsoft.AspNetCore.Hosting.Diagnostics: Request finished HTTP/1.1 GET https://localhost:7253/api/author/mark/uYSG8_4rDaryl8YpdZr-7DACSJZLwV7Dj_IyxWMBh6I - - - 200 - application/json;+charset=utf-8 32053.5104ms
[2023-08-26 15:03:51.194 -07:00  INF] Microsoft.AspNetCore.Hosting.Diagnostics: Request finished HTTP/1.1 GET https://localhost:7253/api/author/mark/uYSG8_4rDaryl8YpdZr-7DACSJZLwV7Dj_IyxWMBh6I - - - 200 - application/json;+charset=utf-8 32053.5155ms
[2023-08-26 15:05:18.792 -07:00  INF] Microsoft.AspNetCore.Hosting.Diagnostics: Request starting HTTP/1.1 GET https://localhost:7253/api/author/mark/uYSG8_4rDaryl8YpdZr-7Nw-8KiYEsKER4nA14NktOQ - -
[2023-08-26 15:05:18.793 -07:00  INF] Microsoft.AspNetCore.Routing.EndpointMiddleware: Executing endpoint 'LSPApi.Controllers.AuthorController.GetByUsername (LSPApi)'
[2023-08-26 15:05:18.795 -07:00  INF] Microsoft.AspNetCore.Mvc.Infrastructure.ControllerActionInvoker: Route matched with {action = "GetByUsername", controller = "Author"}. Executing controller action with signature System.Threading.Tasks.Task`1[LSPApi.DataLayer.Model.AuthorDto] GetByUsername(System.String, System.String) on controller LSPApi.Controllers.AuthorController (LSPApi).
[2023-08-26 15:07:15.001 -07:00  INF] Microsoft.AspNetCore.Hosting.Diagnostics: Request starting HTTP/2 GET https://localhost:7253/swagger/index.html - -
[2023-08-26 15:07:15.287 -07:00  INF] Microsoft.AspNetCore.Hosting.Diagnostics: Request starting HTTP/2 GET https://localhost:7253/_framework/aspnetcore-browser-refresh.js - -
[2023-08-26 15:07:15.290 -07:00  INF] Microsoft.AspNetCore.Hosting.Diagnostics: Request finished HTTP/2 GET https://localhost:7253/swagger/index.html - - - 200 - text/html;charset=utf-8 296.1034ms
[2023-08-26 15:07:15.291 -07:00  INF] Microsoft.AspNetCore.Hosting.Diagnostics: Request finished HTTP/2 GET https://localhost:7253/_framework/aspnetcore-browser-refresh.js - - - 200 12344 application/javascript;+charset=utf-8 4.9021ms
[2023-08-26 15:07:15.296 -07:00  INF] Microsoft.AspNetCore.Hosting.Diagnostics: Request starting HTTP/2 GET https://localhost:7253/_vs/browserLink - -
[2023-08-26 15:07:15.310 -07:00  INF] Microsoft.AspNetCore.Hosting.Diagnostics: Request finished HTTP/2 GET https://localhost:7253/_vs/browserLink - - - 200 - text/javascript;+charset=UTF-8 13.2747ms
[2023-08-26 15:07:15.528 -07:00  INF] Microsoft.AspNetCore.Hosting.Diagnostics: Request starting HTTP/2 GET https://localhost:7253/swagger/v1/swagger.json - -
[2023-08-26 15:07:15.613 -07:00  INF] Microsoft.AspNetCore.Hosting.Diagnostics: Request finished HTTP/2 GET https://localhost:7253/swagger/v1/swagger.json - - - 200 - application/json;charset=utf-8 84.7936ms
[2023-08-26 15:08:02.813 -07:00  INF] Microsoft.AspNetCore.Hosting.Diagnostics: Request starting HTTP/1.1 GET https://localhost:7253/api/author/mark/uYSG8_4rDaryl8YpdZr-7Nw-8KiYEsKER4nA14NktOQ - -
[2023-08-26 15:08:02.814 -07:00  INF] Microsoft.AspNetCore.Hosting.Diagnostics: Request starting HTTP/1.1 GET https://localhost:7253/api/author/mark/uYSG8_4rDaryl8YpdZr-7Nw-8KiYEsKER4nA14NktOQ - -
[2023-08-26 15:08:02.840 -07:00  INF] Microsoft.AspNetCore.Routing.EndpointMiddleware: Executing endpoint 'LSPApi.Controllers.AuthorController.GetByUsername (LSPApi)'
[2023-08-26 15:08:02.840 -07:00  INF] Microsoft.AspNetCore.Routing.EndpointMiddleware: Executing endpoint 'LSPApi.Controllers.AuthorController.GetByUsername (LSPApi)'
[2023-08-26 15:08:02.868 -07:00  INF] Microsoft.AspNetCore.Mvc.Infrastructure.ControllerActionInvoker: Route matched with {action = "GetByUsername", controller = "Author"}. Executing controller action with signature System.Threading.Tasks.Task`1[LSPApi.DataLayer.Model.AuthorDto] GetByUsername(System.String, System.String) on controller LSPApi.Controllers.AuthorController (LSPApi).
[2023-08-26 15:08:02.868 -07:00  INF] Microsoft.AspNetCore.Mvc.Infrastructure.ControllerActionInvoker: Route matched with {action = "GetByUsername", controller = "Author"}. Executing controller action with signature System.Threading.Tasks.Task`1[LSPApi.DataLayer.Model.AuthorDto] GetByUsername(System.String, System.String) on controller LSPApi.Controllers.AuthorController (LSPApi).
[2023-08-26 15:08:12.054 -07:00  INF] Microsoft.EntityFrameworkCore.Database.Command: Executed DbCommand (89ms) [Parameters=[@__username_0='?' (Size = 4000), @__decrypted_1='?' (Size = 4000)], CommandType='"Text"', CommandTimeout='30']
SELECT `a`.`AuthorID`, `a`.`Address1`, `a`.`Address2`, `a`.`Admin`, `a`.`Bio`, `a`.`BusinessPhone`, `a`.`CellPhone`, `a`.`City`, `a`.`Country`, `a`.`DateCreated`, `a`.`DateUpdated`, `a`.`Email`, `a`.`FirstName`, `a`.`HomePhone`, `a`.`LastName`, `a`.`MiddleName`, `a`.`Password`, `a`.`Prefix`, `a`.`State`, `a`.`Suffix`, `a`.`Username`, `a`.`ZIP`
FROM `Author` AS `a`
WHERE (`a`.`Username` = @__username_0) AND (`a`.`Password` = @__decrypted_1)
LIMIT 1
[2023-08-26 15:08:12.054 -07:00  INF] Microsoft.EntityFrameworkCore.Database.Command: Executed DbCommand (86ms) [Parameters=[@__username_0='?' (Size = 4000), @__decrypted_1='?' (Size = 4000)], CommandType='"Text"', CommandTimeout='30']
SELECT `a`.`AuthorID`, `a`.`Address1`, `a`.`Address2`, `a`.`Admin`, `a`.`Bio`, `a`.`BusinessPhone`, `a`.`CellPhone`, `a`.`City`, `a`.`Country`, `a`.`DateCreated`, `a`.`DateUpdated`, `a`.`Email`, `a`.`FirstName`, `a`.`HomePhone`, `a`.`LastName`, `a`.`MiddleName`, `a`.`Password`, `a`.`Prefix`, `a`.`State`, `a`.`Suffix`, `a`.`Username`, `a`.`ZIP`
FROM `Author` AS `a`
WHERE (`a`.`Username` = @__username_0) AND (`a`.`Password` = @__decrypted_1)
LIMIT 1
[2023-08-26 15:08:28.372 -07:00  INF] Microsoft.AspNetCore.Mvc.Infrastructure.ObjectResultExecutor: Executing ObjectResult, writing value of type 'LSPApi.DataLayer.Model.AuthorDto'.
[2023-08-26 15:08:28.372 -07:00  INF] Microsoft.AspNetCore.Mvc.Infrastructure.ObjectResultExecutor: Executing ObjectResult, writing value of type 'LSPApi.DataLayer.Model.AuthorDto'.
[2023-08-26 15:08:28.390 -07:00  INF] Microsoft.AspNetCore.Mvc.Infrastructure.ControllerActionInvoker: Executed action LSPApi.Controllers.AuthorController.GetByUsername (LSPApi) in 25513.5377ms
[2023-08-26 15:08:28.390 -07:00  INF] Microsoft.AspNetCore.Mvc.Infrastructure.ControllerActionInvoker: Executed action LSPApi.Controllers.AuthorController.GetByUsername (LSPApi) in 25513.5414ms
[2023-08-26 15:08:28.392 -07:00  INF] Microsoft.AspNetCore.Routing.EndpointMiddleware: Executed endpoint 'LSPApi.Controllers.AuthorController.GetByUsername (LSPApi)'
[2023-08-26 15:08:28.393 -07:00  INF] Microsoft.AspNetCore.Routing.EndpointMiddleware: Executed endpoint 'LSPApi.Controllers.AuthorController.GetByUsername (LSPApi)'
[2023-08-26 15:08:28.406 -07:00  INF] Microsoft.AspNetCore.Hosting.Diagnostics: Request finished HTTP/1.1 GET https://localhost:7253/api/author/mark/uYSG8_4rDaryl8YpdZr-7Nw-8KiYEsKER4nA14NktOQ - - - 200 - application/json;+charset=utf-8 25593.2461ms
[2023-08-26 15:08:28.407 -07:00  INF] Microsoft.AspNetCore.Hosting.Diagnostics: Request finished HTTP/1.1 GET https://localhost:7253/api/author/mark/uYSG8_4rDaryl8YpdZr-7Nw-8KiYEsKER4nA14NktOQ - - - 200 - application/json;+charset=utf-8 25593.2478ms
[2023-08-26 18:07:34.995 -07:00  INF] Microsoft.AspNetCore.Hosting.Diagnostics: Request starting HTTP/1.1 GET https://localhost:7253/api/author/mark/uYSG8_4rDaryl8YpdZr-7Nw-8KiYEsKER4nA14NktOQ - -
[2023-08-26 18:07:34.998 -07:00  INF] Microsoft.AspNetCore.Hosting.Diagnostics: Request starting HTTP/1.1 GET https://localhost:7253/api/author/mark/uYSG8_4rDaryl8YpdZr-7Nw-8KiYEsKER4nA14NktOQ - -
[2023-08-26 18:07:35.000 -07:00  INF] Microsoft.AspNetCore.Routing.EndpointMiddleware: Executing endpoint 'LSPApi.Controllers.AuthorController.GetByUsername (LSPApi)'
[2023-08-26 18:07:35.001 -07:00  INF] Microsoft.AspNetCore.Routing.EndpointMiddleware: Executing endpoint 'LSPApi.Controllers.AuthorController.GetByUsername (LSPApi)'
[2023-08-26 18:07:35.002 -07:00  INF] Microsoft.AspNetCore.Mvc.Infrastructure.ControllerActionInvoker: Route matched with {action = "GetByUsername", controller = "Author"}. Executing controller action with signature System.Threading.Tasks.Task`1[LSPApi.DataLayer.Model.AuthorDto] GetByUsername(System.String, System.String) on controller LSPApi.Controllers.AuthorController (LSPApi).
[2023-08-26 18:07:35.002 -07:00  INF] Microsoft.AspNetCore.Mvc.Infrastructure.ControllerActionInvoker: Route matched with {action = "GetByUsername", controller = "Author"}. Executing controller action with signature System.Threading.Tasks.Task`1[LSPApi.DataLayer.Model.AuthorDto] GetByUsername(System.String, System.String) on controller LSPApi.Controllers.AuthorController (LSPApi).
[2023-08-26 18:07:42.077 -07:00  INF] Microsoft.EntityFrameworkCore.Database.Command: Executed DbCommand (43ms) [Parameters=[@__username_0='?' (Size = 4000), @__decrypted_1='?' (Size = 4000)], CommandType='"Text"', CommandTimeout='30']
SELECT `a`.`AuthorID`, `a`.`Address1`, `a`.`Address2`, `a`.`Admin`, `a`.`Bio`, `a`.`BusinessPhone`, `a`.`CellPhone`, `a`.`City`, `a`.`Country`, `a`.`DateCreated`, `a`.`DateUpdated`, `a`.`Email`, `a`.`FirstName`, `a`.`HomePhone`, `a`.`LastName`, `a`.`MiddleName`, `a`.`Password`, `a`.`Prefix`, `a`.`State`, `a`.`Suffix`, `a`.`Username`, `a`.`ZIP`
FROM `Author` AS `a`
WHERE (`a`.`Username` = @__username_0) AND (`a`.`Password` = @__decrypted_1)
LIMIT 1
[2023-08-26 18:07:42.079 -07:00  INF] Microsoft.AspNetCore.Mvc.Infrastructure.ObjectResultExecutor: Executing ObjectResult, writing value of type 'LSPApi.DataLayer.Model.AuthorDto'.
[2023-08-26 18:07:42.080 -07:00  INF] Microsoft.AspNetCore.Mvc.Infrastructure.ControllerActionInvoker: Executed action LSPApi.Controllers.AuthorController.GetByUsername (LSPApi) in 7076.7208ms
[2023-08-26 18:07:42.081 -07:00  INF] Microsoft.AspNetCore.Routing.EndpointMiddleware: Executed endpoint 'LSPApi.Controllers.AuthorController.GetByUsername (LSPApi)'
[2023-08-26 18:07:42.082 -07:00  INF] Microsoft.AspNetCore.Hosting.Diagnostics: Request finished HTTP/1.1 GET https://localhost:7253/api/author/mark/uYSG8_4rDaryl8YpdZr-7Nw-8KiYEsKER4nA14NktOQ - - - 200 - application/json;+charset=utf-8 7087.1294ms
[2023-08-26 18:07:42.097 -07:00  INF] Microsoft.EntityFrameworkCore.Database.Command: Executed DbCommand (48ms) [Parameters=[@__username_0='?' (Size = 4000), @__decrypted_1='?' (Size = 4000)], CommandType='"Text"', CommandTimeout='30']
SELECT `a`.`AuthorID`, `a`.`Address1`, `a`.`Address2`, `a`.`Admin`, `a`.`Bio`, `a`.`BusinessPhone`, `a`.`CellPhone`, `a`.`City`, `a`.`Country`, `a`.`DateCreated`, `a`.`DateUpdated`, `a`.`Email`, `a`.`FirstName`, `a`.`HomePhone`, `a`.`LastName`, `a`.`MiddleName`, `a`.`Password`, `a`.`Prefix`, `a`.`State`, `a`.`Suffix`, `a`.`Username`, `a`.`ZIP`
FROM `Author` AS `a`
WHERE (`a`.`Username` = @__username_0) AND (`a`.`Password` = @__decrypted_1)
LIMIT 1
[2023-08-26 18:07:42.098 -07:00  INF] Microsoft.AspNetCore.Mvc.Infrastructure.ObjectResultExecutor: Executing ObjectResult, writing value of type 'LSPApi.DataLayer.Model.AuthorDto'.
[2023-08-26 18:07:42.099 -07:00  INF] Microsoft.AspNetCore.Mvc.Infrastructure.ControllerActionInvoker: Executed action LSPApi.Controllers.AuthorController.GetByUsername (LSPApi) in 7096.4156ms
[2023-08-26 18:07:42.100 -07:00  INF] Microsoft.AspNetCore.Routing.EndpointMiddleware: Executed endpoint 'LSPApi.Controllers.AuthorController.GetByUsername (LSPApi)'
[2023-08-26 18:07:42.102 -07:00  INF] Microsoft.AspNetCore.Hosting.Diagnostics: Request finished HTTP/1.1 GET https://localhost:7253/api/author/mark/uYSG8_4rDaryl8YpdZr-7Nw-8KiYEsKER4nA14NktOQ - - - 200 - application/json;+charset=utf-8 7107.5818ms
[2023-08-26 18:08:16.065 -07:00  INF] Microsoft.AspNetCore.Hosting.Diagnostics: Request starting HTTP/1.1 GET https://localhost:7253/api/author/mark/uYSG8_4rDaryl8YpdZr-7Nw-8KiYEsKER4nA14NktOQ - -
[2023-08-26 18:08:16.067 -07:00  INF] Microsoft.AspNetCore.Routing.EndpointMiddleware: Executing endpoint 'LSPApi.Controllers.AuthorController.GetByUsername (LSPApi)'
[2023-08-26 18:08:16.068 -07:00  INF] Microsoft.AspNetCore.Hosting.Diagnostics: Request starting HTTP/1.1 GET https://localhost:7253/api/author/mark/uYSG8_4rDaryl8YpdZr-7Nw-8KiYEsKER4nA14NktOQ - -
[2023-08-26 18:08:16.069 -07:00  INF] Microsoft.AspNetCore.Mvc.Infrastructure.ControllerActionInvoker: Route matched with {action = "GetByUsername", controller = "Author"}. Executing controller action with signature System.Threading.Tasks.Task`1[LSPApi.DataLayer.Model.AuthorDto] GetByUsername(System.String, System.String) on controller LSPApi.Controllers.AuthorController (LSPApi).
[2023-08-26 18:08:16.070 -07:00  INF] Microsoft.AspNetCore.Routing.EndpointMiddleware: Executing endpoint 'LSPApi.Controllers.AuthorController.GetByUsername (LSPApi)'
[2023-08-26 18:08:21.868 -07:00  INF] Microsoft.AspNetCore.Mvc.Infrastructure.ControllerActionInvoker: Route matched with {action = "GetByUsername", controller = "Author"}. Executing controller action with signature System.Threading.Tasks.Task`1[LSPApi.DataLayer.Model.AuthorDto] GetByUsername(System.String, System.String) on controller LSPApi.Controllers.AuthorController (LSPApi).
[2023-08-26 18:08:21.968 -07:00  INF] Microsoft.EntityFrameworkCore.Database.Command: Executed DbCommand (43ms) [Parameters=[@__username_0='?' (Size = 4000), @__decrypted_1='?' (Size = 4000)], CommandType='"Text"', CommandTimeout='30']
SELECT `a`.`AuthorID`, `a`.`Address1`, `a`.`Address2`, `a`.`Admin`, `a`.`Bio`, `a`.`BusinessPhone`, `a`.`CellPhone`, `a`.`City`, `a`.`Country`, `a`.`DateCreated`, `a`.`DateUpdated`, `a`.`Email`, `a`.`FirstName`, `a`.`HomePhone`, `a`.`LastName`, `a`.`MiddleName`, `a`.`Password`, `a`.`Prefix`, `a`.`State`, `a`.`Suffix`, `a`.`Username`, `a`.`ZIP`
FROM `Author` AS `a`
WHERE (`a`.`Username` = @__username_0) AND (`a`.`Password` = @__decrypted_1)
LIMIT 1
[2023-08-26 18:08:21.969 -07:00  INF] Microsoft.AspNetCore.Mvc.Infrastructure.ObjectResultExecutor: Executing ObjectResult, writing value of type 'LSPApi.DataLayer.Model.AuthorDto'.
[2023-08-26 18:08:21.970 -07:00  INF] Microsoft.AspNetCore.Mvc.Infrastructure.ControllerActionInvoker: Executed action LSPApi.Controllers.AuthorController.GetByUsername (LSPApi) in 100.3729ms
[2023-08-26 18:08:21.970 -07:00  INF] Microsoft.AspNetCore.Routing.EndpointMiddleware: Executed endpoint 'LSPApi.Controllers.AuthorController.GetByUsername (LSPApi)'
[2023-08-26 18:08:21.971 -07:00  INF] Microsoft.EntityFrameworkCore.Database.Command: Executed DbCommand (46ms) [Parameters=[@__username_0='?' (Size = 4000), @__decrypted_1='?' (Size = 4000)], CommandType='"Text"', CommandTimeout='30']
SELECT `a`.`AuthorID`, `a`.`Address1`, `a`.`Address2`, `a`.`Admin`, `a`.`Bio`, `a`.`BusinessPhone`, `a`.`CellPhone`, `a`.`City`, `a`.`Country`, `a`.`DateCreated`, `a`.`DateUpdated`, `a`.`Email`, `a`.`FirstName`, `a`.`HomePhone`, `a`.`LastName`, `a`.`MiddleName`, `a`.`Password`, `a`.`Prefix`, `a`.`State`, `a`.`Suffix`, `a`.`Username`, `a`.`ZIP`
FROM `Author` AS `a`
WHERE (`a`.`Username` = @__username_0) AND (`a`.`Password` = @__decrypted_1)
LIMIT 1
[2023-08-26 18:08:21.972 -07:00  INF] Microsoft.AspNetCore.Hosting.Diagnostics: Request finished HTTP/1.1 GET https://localhost:7253/api/author/mark/uYSG8_4rDaryl8YpdZr-7Nw-8KiYEsKER4nA14NktOQ - - - 200 - application/json;+charset=utf-8 5904.9780ms
[2023-08-26 18:08:21.973 -07:00  INF] Microsoft.AspNetCore.Mvc.Infrastructure.ObjectResultExecutor: Executing ObjectResult, writing value of type 'LSPApi.DataLayer.Model.AuthorDto'.
[2023-08-26 18:08:21.974 -07:00  INF] Microsoft.AspNetCore.Mvc.Infrastructure.ControllerActionInvoker: Executed action LSPApi.Controllers.AuthorController.GetByUsername (LSPApi) in 5903.6673ms
[2023-08-26 18:08:21.975 -07:00  INF] Microsoft.AspNetCore.Routing.EndpointMiddleware: Executed endpoint 'LSPApi.Controllers.AuthorController.GetByUsername (LSPApi)'
[2023-08-26 18:08:21.976 -07:00  INF] Microsoft.AspNetCore.Hosting.Diagnostics: Request finished HTTP/1.1 GET https://localhost:7253/api/author/mark/uYSG8_4rDaryl8YpdZr-7Nw-8KiYEsKER4nA14NktOQ - - - 200 - application/json;+charset=utf-8 5910.1314ms
[2023-08-26 18:58:04.833 -07:00  INF] Microsoft.AspNetCore.Hosting.Diagnostics: Request starting HTTP/2 GET https://localhost:7253/swagger/index.html - -
[2023-08-26 18:58:05.119 -07:00  INF] Microsoft.AspNetCore.Hosting.Diagnostics: Request finished HTTP/2 GET https://localhost:7253/swagger/index.html - - - 200 - text/html;charset=utf-8 293.4376ms
[2023-08-26 18:58:05.125 -07:00  INF] Microsoft.AspNetCore.Hosting.Diagnostics: Request starting HTTP/2 GET https://localhost:7253/_framework/aspnetcore-browser-refresh.js - -
[2023-08-26 18:58:05.129 -07:00  INF] Microsoft.AspNetCore.Hosting.Diagnostics: Request finished HTTP/2 GET https://localhost:7253/_framework/aspnetcore-browser-refresh.js - - - 200 12344 application/javascript;+charset=utf-8 3.9306ms
[2023-08-26 18:58:05.131 -07:00  INF] Microsoft.AspNetCore.Hosting.Diagnostics: Request starting HTTP/2 GET https://localhost:7253/_vs/browserLink - -
[2023-08-26 18:58:05.145 -07:00  INF] Microsoft.AspNetCore.Hosting.Diagnostics: Request finished HTTP/2 GET https://localhost:7253/_vs/browserLink - - - 200 - text/javascript;+charset=UTF-8 13.1053ms
[2023-08-26 18:58:05.345 -07:00  INF] Microsoft.AspNetCore.Hosting.Diagnostics: Request starting HTTP/2 GET https://localhost:7253/swagger/v1/swagger.json - -
[2023-08-26 18:58:05.430 -07:00  INF] Microsoft.AspNetCore.Hosting.Diagnostics: Request finished HTTP/2 GET https://localhost:7253/swagger/v1/swagger.json - - - 200 - application/json;charset=utf-8 84.5204ms
[2023-08-26 18:58:32.718 -07:00  INF] Microsoft.AspNetCore.Hosting.Diagnostics: Request starting HTTP/1.1 GET https://localhost:7253/api/author/mark/uYSG8_4rDaryl8YpdZr-7Nw-8KiYEsKER4nA14NktOQ - -
[2023-08-26 18:58:32.719 -07:00  INF] Microsoft.AspNetCore.Hosting.Diagnostics: Request starting HTTP/1.1 GET https://localhost:7253/api/author/mark/uYSG8_4rDaryl8YpdZr-7Nw-8KiYEsKER4nA14NktOQ - -
[2023-08-26 18:58:32.774 -07:00  INF] Microsoft.AspNetCore.Routing.EndpointMiddleware: Executing endpoint 'LSPApi.Controllers.AuthorController.GetByUsername (LSPApi)'
[2023-08-26 18:58:32.774 -07:00  INF] Microsoft.AspNetCore.Routing.EndpointMiddleware: Executing endpoint 'LSPApi.Controllers.AuthorController.GetByUsername (LSPApi)'
[2023-08-26 18:58:32.801 -07:00  INF] Microsoft.AspNetCore.Mvc.Infrastructure.ControllerActionInvoker: Route matched with {action = "GetByUsername", controller = "Author"}. Executing controller action with signature System.Threading.Tasks.Task`1[LSPApi.DataLayer.Model.AuthorDto] GetByUsername(System.String, System.String) on controller LSPApi.Controllers.AuthorController (LSPApi).
[2023-08-26 18:58:32.801 -07:00  INF] Microsoft.AspNetCore.Mvc.Infrastructure.ControllerActionInvoker: Route matched with {action = "GetByUsername", controller = "Author"}. Executing controller action with signature System.Threading.Tasks.Task`1[LSPApi.DataLayer.Model.AuthorDto] GetByUsername(System.String, System.String) on controller LSPApi.Controllers.AuthorController (LSPApi).
[2023-08-26 18:58:34.021 -07:00  INF] Microsoft.EntityFrameworkCore.Database.Command: Executed DbCommand (57ms) [Parameters=[@__username_0='?' (Size = 4000), @__decrypted_1='?' (Size = 4000)], CommandType='"Text"', CommandTimeout='30']
SELECT `a`.`AuthorID`, `a`.`Address1`, `a`.`Address2`, `a`.`Admin`, `a`.`Bio`, `a`.`BusinessPhone`, `a`.`CellPhone`, `a`.`City`, `a`.`Country`, `a`.`DateCreated`, `a`.`DateUpdated`, `a`.`Email`, `a`.`FirstName`, `a`.`HomePhone`, `a`.`LastName`, `a`.`MiddleName`, `a`.`Password`, `a`.`Prefix`, `a`.`State`, `a`.`Suffix`, `a`.`Username`, `a`.`ZIP`
FROM `Author` AS `a`
WHERE (`a`.`Username` = @__username_0) AND (`a`.`Password` = @__decrypted_1)
LIMIT 1
[2023-08-26 18:58:34.021 -07:00  INF] Microsoft.EntityFrameworkCore.Database.Command: Executed DbCommand (57ms) [Parameters=[@__username_0='?' (Size = 4000), @__decrypted_1='?' (Size = 4000)], CommandType='"Text"', CommandTimeout='30']
SELECT `a`.`AuthorID`, `a`.`Address1`, `a`.`Address2`, `a`.`Admin`, `a`.`Bio`, `a`.`BusinessPhone`, `a`.`CellPhone`, `a`.`City`, `a`.`Country`, `a`.`DateCreated`, `a`.`DateUpdated`, `a`.`Email`, `a`.`FirstName`, `a`.`HomePhone`, `a`.`LastName`, `a`.`MiddleName`, `a`.`Password`, `a`.`Prefix`, `a`.`State`, `a`.`Suffix`, `a`.`Username`, `a`.`ZIP`
FROM `Author` AS `a`
WHERE (`a`.`Username` = @__username_0) AND (`a`.`Password` = @__decrypted_1)
LIMIT 1
[2023-08-26 18:58:34.128 -07:00  INF] Microsoft.AspNetCore.Mvc.Infrastructure.ObjectResultExecutor: Executing ObjectResult, writing value of type 'LSPApi.DataLayer.Model.AuthorDto'.
[2023-08-26 18:58:34.128 -07:00  INF] Microsoft.AspNetCore.Mvc.Infrastructure.ObjectResultExecutor: Executing ObjectResult, writing value of type 'LSPApi.DataLayer.Model.AuthorDto'.
[2023-08-26 18:58:34.146 -07:00  INF] Microsoft.AspNetCore.Mvc.Infrastructure.ControllerActionInvoker: Executed action LSPApi.Controllers.AuthorController.GetByUsername (LSPApi) in 1336.7331ms
[2023-08-26 18:58:34.146 -07:00  INF] Microsoft.AspNetCore.Mvc.Infrastructure.ControllerActionInvoker: Executed action LSPApi.Controllers.AuthorController.GetByUsername (LSPApi) in 1336.7322ms
[2023-08-26 18:58:34.148 -07:00  INF] Microsoft.AspNetCore.Routing.EndpointMiddleware: Executed endpoint 'LSPApi.Controllers.AuthorController.GetByUsername (LSPApi)'
[2023-08-26 18:58:34.148 -07:00  INF] Microsoft.AspNetCore.Routing.EndpointMiddleware: Executed endpoint 'LSPApi.Controllers.AuthorController.GetByUsername (LSPApi)'
[2023-08-26 18:58:34.161 -07:00  INF] Microsoft.AspNetCore.Hosting.Diagnostics: Request finished HTTP/1.1 GET https://localhost:7253/api/author/mark/uYSG8_4rDaryl8YpdZr-7Nw-8KiYEsKER4nA14NktOQ - - - 200 - application/json;+charset=utf-8 1442.2065ms
[2023-08-26 18:58:34.161 -07:00  INF] Microsoft.AspNetCore.Hosting.Diagnostics: Request finished HTTP/1.1 GET https://localhost:7253/api/author/mark/uYSG8_4rDaryl8YpdZr-7Nw-8KiYEsKER4nA14NktOQ - - - 200 - application/json;+charset=utf-8 1442.2076ms
[2023-08-26 18:59:43.676 -07:00  INF] Microsoft.AspNetCore.Hosting.Diagnostics: Request starting HTTP/2 GET https://localhost:7253/swagger/index.html - -
[2023-08-26 18:59:43.962 -07:00  INF] Microsoft.AspNetCore.Hosting.Diagnostics: Request finished HTTP/2 GET https://localhost:7253/swagger/index.html - - - 200 - text/html;charset=utf-8 292.7507ms
[2023-08-26 18:59:43.970 -07:00  INF] Microsoft.AspNetCore.Hosting.Diagnostics: Request starting HTTP/2 GET https://localhost:7253/_framework/aspnetcore-browser-refresh.js - -
[2023-08-26 18:59:43.971 -07:00  INF] Microsoft.AspNetCore.Hosting.Diagnostics: Request starting HTTP/2 GET https://localhost:7253/_vs/browserLink - -
[2023-08-26 18:59:43.976 -07:00  INF] Microsoft.AspNetCore.Hosting.Diagnostics: Request finished HTTP/2 GET https://localhost:7253/_framework/aspnetcore-browser-refresh.js - - - 200 12344 application/javascript;+charset=utf-8 5.4240ms
[2023-08-26 18:59:43.983 -07:00  INF] Microsoft.AspNetCore.Hosting.Diagnostics: Request finished HTTP/2 GET https://localhost:7253/_vs/browserLink - - - 200 - text/javascript;+charset=UTF-8 11.2337ms
[2023-08-26 18:59:44.190 -07:00  INF] Microsoft.AspNetCore.Hosting.Diagnostics: Request starting HTTP/2 GET https://localhost:7253/swagger/v1/swagger.json - -
[2023-08-26 18:59:44.270 -07:00  INF] Microsoft.AspNetCore.Hosting.Diagnostics: Request finished HTTP/2 GET https://localhost:7253/swagger/v1/swagger.json - - - 200 - application/json;charset=utf-8 79.9947ms
[2023-08-26 19:00:06.387 -07:00  INF] Microsoft.AspNetCore.Hosting.Diagnostics: Request starting HTTP/1.1 GET https://localhost:7253/api/author/mark/uYSG8_4rDaryl8YpdZr-7Nw-8KiYEsKER4nA14NktOQ - -
[2023-08-26 19:00:06.388 -07:00  INF] Microsoft.AspNetCore.Hosting.Diagnostics: Request starting HTTP/1.1 GET https://localhost:7253/api/author/mark/uYSG8_4rDaryl8YpdZr-7Nw-8KiYEsKER4nA14NktOQ - -
[2023-08-26 19:00:06.412 -07:00  INF] Microsoft.AspNetCore.Routing.EndpointMiddleware: Executing endpoint 'LSPApi.Controllers.AuthorController.GetByUsername (LSPApi)'
[2023-08-26 19:00:06.412 -07:00  INF] Microsoft.AspNetCore.Routing.EndpointMiddleware: Executing endpoint 'LSPApi.Controllers.AuthorController.GetByUsername (LSPApi)'
[2023-08-26 19:00:06.438 -07:00  INF] Microsoft.AspNetCore.Mvc.Infrastructure.ControllerActionInvoker: Route matched with {action = "GetByUsername", controller = "Author"}. Executing controller action with signature System.Threading.Tasks.Task`1[LSPApi.DataLayer.Model.AuthorDto] GetByUsername(System.String, System.String) on controller LSPApi.Controllers.AuthorController (LSPApi).
[2023-08-26 19:00:06.438 -07:00  INF] Microsoft.AspNetCore.Mvc.Infrastructure.ControllerActionInvoker: Route matched with {action = "GetByUsername", controller = "Author"}. Executing controller action with signature System.Threading.Tasks.Task`1[LSPApi.DataLayer.Model.AuthorDto] GetByUsername(System.String, System.String) on controller LSPApi.Controllers.AuthorController (LSPApi).
[2023-08-26 19:00:07.659 -07:00  INF] Microsoft.EntityFrameworkCore.Database.Command: Executed DbCommand (58ms) [Parameters=[@__username_0='?' (Size = 4000), @__decrypted_1='?' (Size = 4000)], CommandType='"Text"', CommandTimeout='30']
SELECT `a`.`AuthorID`, `a`.`Address1`, `a`.`Address2`, `a`.`Admin`, `a`.`Bio`, `a`.`BusinessPhone`, `a`.`CellPhone`, `a`.`City`, `a`.`Country`, `a`.`DateCreated`, `a`.`DateUpdated`, `a`.`Email`, `a`.`FirstName`, `a`.`HomePhone`, `a`.`LastName`, `a`.`MiddleName`, `a`.`Password`, `a`.`Prefix`, `a`.`State`, `a`.`Suffix`, `a`.`Username`, `a`.`ZIP`
FROM `Author` AS `a`
WHERE (`a`.`Username` = @__username_0) AND (`a`.`Password` = @__decrypted_1)
LIMIT 1
[2023-08-26 19:00:07.659 -07:00  INF] Microsoft.EntityFrameworkCore.Database.Command: Executed DbCommand (61ms) [Parameters=[@__username_0='?' (Size = 4000), @__decrypted_1='?' (Size = 4000)], CommandType='"Text"', CommandTimeout='30']
SELECT `a`.`AuthorID`, `a`.`Address1`, `a`.`Address2`, `a`.`Admin`, `a`.`Bio`, `a`.`BusinessPhone`, `a`.`CellPhone`, `a`.`City`, `a`.`Country`, `a`.`DateCreated`, `a`.`DateUpdated`, `a`.`Email`, `a`.`FirstName`, `a`.`HomePhone`, `a`.`LastName`, `a`.`MiddleName`, `a`.`Password`, `a`.`Prefix`, `a`.`State`, `a`.`Suffix`, `a`.`Username`, `a`.`ZIP`
FROM `Author` AS `a`
WHERE (`a`.`Username` = @__username_0) AND (`a`.`Password` = @__decrypted_1)
LIMIT 1
[2023-08-26 19:00:07.765 -07:00  INF] Microsoft.AspNetCore.Mvc.Infrastructure.ObjectResultExecutor: Executing ObjectResult, writing value of type 'LSPApi.DataLayer.Model.AuthorDto'.
[2023-08-26 19:00:07.765 -07:00  INF] Microsoft.AspNetCore.Mvc.Infrastructure.ObjectResultExecutor: Executing ObjectResult, writing value of type 'LSPApi.DataLayer.Model.AuthorDto'.
[2023-08-26 19:00:07.781 -07:00  INF] Microsoft.AspNetCore.Mvc.Infrastructure.ControllerActionInvoker: Executed action LSPApi.Controllers.AuthorController.GetByUsername (LSPApi) in 1334.7901ms
[2023-08-26 19:00:07.781 -07:00  INF] Microsoft.AspNetCore.Mvc.Infrastructure.ControllerActionInvoker: Executed action LSPApi.Controllers.AuthorController.GetByUsername (LSPApi) in 1334.8113ms
[2023-08-26 19:00:07.783 -07:00  INF] Microsoft.AspNetCore.Routing.EndpointMiddleware: Executed endpoint 'LSPApi.Controllers.AuthorController.GetByUsername (LSPApi)'
[2023-08-26 19:00:07.783 -07:00  INF] Microsoft.AspNetCore.Routing.EndpointMiddleware: Executed endpoint 'LSPApi.Controllers.AuthorController.GetByUsername (LSPApi)'
[2023-08-26 19:00:07.796 -07:00  INF] Microsoft.AspNetCore.Hosting.Diagnostics: Request finished HTTP/1.1 GET https://localhost:7253/api/author/mark/uYSG8_4rDaryl8YpdZr-7Nw-8KiYEsKER4nA14NktOQ - - - 200 - application/json;+charset=utf-8 1408.4601ms
[2023-08-26 19:00:07.796 -07:00  INF] Microsoft.AspNetCore.Hosting.Diagnostics: Request finished HTTP/1.1 GET https://localhost:7253/api/author/mark/uYSG8_4rDaryl8YpdZr-7Nw-8KiYEsKER4nA14NktOQ - - - 200 - application/json;+charset=utf-8 1408.4643ms
[2023-08-26 19:01:54.167 -07:00  INF] Microsoft.AspNetCore.Hosting.Diagnostics: Request starting HTTP/1.1 GET https://localhost:7253/api/author/mark/uYSG8_4rDaryl8YpdZr-7Nw-8KiYEsKER4nA14NktOQ - -
[2023-08-26 19:01:54.169 -07:00  INF] Microsoft.AspNetCore.Hosting.Diagnostics: Request starting HTTP/1.1 GET https://localhost:7253/api/author/mark/uYSG8_4rDaryl8YpdZr-7Nw-8KiYEsKER4nA14NktOQ - -
[2023-08-26 19:01:54.171 -07:00  INF] Microsoft.AspNetCore.Routing.EndpointMiddleware: Executing endpoint 'LSPApi.Controllers.AuthorController.GetByUsername (LSPApi)'
[2023-08-26 19:01:54.171 -07:00  INF] Microsoft.AspNetCore.Routing.EndpointMiddleware: Executing endpoint 'LSPApi.Controllers.AuthorController.GetByUsername (LSPApi)'
[2023-08-26 19:01:54.172 -07:00  INF] Microsoft.AspNetCore.Mvc.Infrastructure.ControllerActionInvoker: Route matched with {action = "GetByUsername", controller = "Author"}. Executing controller action with signature System.Threading.Tasks.Task`1[LSPApi.DataLayer.Model.AuthorDto] GetByUsername(System.String, System.String) on controller LSPApi.Controllers.AuthorController (LSPApi).
[2023-08-26 19:01:54.173 -07:00  INF] Microsoft.AspNetCore.Mvc.Infrastructure.ControllerActionInvoker: Route matched with {action = "GetByUsername", controller = "Author"}. Executing controller action with signature System.Threading.Tasks.Task`1[LSPApi.DataLayer.Model.AuthorDto] GetByUsername(System.String, System.String) on controller LSPApi.Controllers.AuthorController (LSPApi).
[2023-08-26 19:01:54.269 -07:00  INF] Microsoft.EntityFrameworkCore.Database.Command: Executed DbCommand (26ms) [Parameters=[@__username_0='?' (Size = 4000), @__decrypted_1='?' (Size = 4000)], CommandType='"Text"', CommandTimeout='30']
SELECT `a`.`AuthorID`, `a`.`Address1`, `a`.`Address2`, `a`.`Admin`, `a`.`Bio`, `a`.`BusinessPhone`, `a`.`CellPhone`, `a`.`City`, `a`.`Country`, `a`.`DateCreated`, `a`.`DateUpdated`, `a`.`Email`, `a`.`FirstName`, `a`.`HomePhone`, `a`.`LastName`, `a`.`MiddleName`, `a`.`Password`, `a`.`Prefix`, `a`.`State`, `a`.`Suffix`, `a`.`Username`, `a`.`ZIP`
FROM `Author` AS `a`
WHERE (`a`.`Username` = @__username_0) AND (`a`.`Password` = @__decrypted_1)
LIMIT 1
[2023-08-26 19:01:54.270 -07:00  INF] Microsoft.AspNetCore.Mvc.Infrastructure.ObjectResultExecutor: Executing ObjectResult, writing value of type 'LSPApi.DataLayer.Model.AuthorDto'.
[2023-08-26 19:01:54.271 -07:00  INF] Microsoft.AspNetCore.Mvc.Infrastructure.ControllerActionInvoker: Executed action LSPApi.Controllers.AuthorController.GetByUsername (LSPApi) in 97.7472ms
[2023-08-26 19:01:54.272 -07:00  INF] Microsoft.EntityFrameworkCore.Database.Command: Executed DbCommand (30ms) [Parameters=[@__username_0='?' (Size = 4000), @__decrypted_1='?' (Size = 4000)], CommandType='"Text"', CommandTimeout='30']
SELECT `a`.`AuthorID`, `a`.`Address1`, `a`.`Address2`, `a`.`Admin`, `a`.`Bio`, `a`.`BusinessPhone`, `a`.`CellPhone`, `a`.`City`, `a`.`Country`, `a`.`DateCreated`, `a`.`DateUpdated`, `a`.`Email`, `a`.`FirstName`, `a`.`HomePhone`, `a`.`LastName`, `a`.`MiddleName`, `a`.`Password`, `a`.`Prefix`, `a`.`State`, `a`.`Suffix`, `a`.`Username`, `a`.`ZIP`
FROM `Author` AS `a`
WHERE (`a`.`Username` = @__username_0) AND (`a`.`Password` = @__decrypted_1)
LIMIT 1
[2023-08-26 19:01:54.273 -07:00  INF] Microsoft.AspNetCore.Routing.EndpointMiddleware: Executed endpoint 'LSPApi.Controllers.AuthorController.GetByUsername (LSPApi)'
[2023-08-26 19:01:54.274 -07:00  INF] Microsoft.AspNetCore.Mvc.Infrastructure.ObjectResultExecutor: Executing ObjectResult, writing value of type 'LSPApi.DataLayer.Model.AuthorDto'.
[2023-08-26 19:01:54.275 -07:00  INF] Microsoft.AspNetCore.Hosting.Diagnostics: Request finished HTTP/1.1 GET https://localhost:7253/api/author/mark/uYSG8_4rDaryl8YpdZr-7Nw-8KiYEsKER4nA14NktOQ - - - 200 - application/json;+charset=utf-8 109.5520ms
[2023-08-26 19:01:54.275 -07:00  INF] Microsoft.AspNetCore.Mvc.Infrastructure.ControllerActionInvoker: Executed action LSPApi.Controllers.AuthorController.GetByUsername (LSPApi) in 101.8275ms
[2023-08-26 19:01:54.276 -07:00  INF] Microsoft.AspNetCore.Routing.EndpointMiddleware: Executed endpoint 'LSPApi.Controllers.AuthorController.GetByUsername (LSPApi)'
[2023-08-26 19:01:54.277 -07:00  INF] Microsoft.AspNetCore.Hosting.Diagnostics: Request finished HTTP/1.1 GET https://localhost:7253/api/author/mark/uYSG8_4rDaryl8YpdZr-7Nw-8KiYEsKER4nA14NktOQ - - - 200 - application/json;+charset=utf-8 111.5964ms
[2023-08-26 19:08:57.562 -07:00  INF] Microsoft.AspNetCore.Hosting.Diagnostics: Request starting HTTP/2 GET https://localhost:7253/swagger/index.html - -
[2023-08-26 19:08:57.840 -07:00  INF] Microsoft.AspNetCore.Hosting.Diagnostics: Request finished HTTP/2 GET https://localhost:7253/swagger/index.html - - - 200 - text/html;charset=utf-8 285.2975ms
[2023-08-26 19:08:57.846 -07:00  INF] Microsoft.AspNetCore.Hosting.Diagnostics: Request starting HTTP/2 GET https://localhost:7253/_framework/aspnetcore-browser-refresh.js - -
[2023-08-26 19:08:57.849 -07:00  INF] Microsoft.AspNetCore.Hosting.Diagnostics: Request finished HTTP/2 GET https://localhost:7253/_framework/aspnetcore-browser-refresh.js - - - 200 12344 application/javascript;+charset=utf-8 3.5259ms
[2023-08-26 19:08:57.852 -07:00  INF] Microsoft.AspNetCore.Hosting.Diagnostics: Request starting HTTP/2 GET https://localhost:7253/_vs/browserLink - -
[2023-08-26 19:08:57.862 -07:00  INF] Microsoft.AspNetCore.Hosting.Diagnostics: Request finished HTTP/2 GET https://localhost:7253/_vs/browserLink - - - 200 - text/javascript;+charset=UTF-8 9.6477ms
[2023-08-26 19:08:58.070 -07:00  INF] Microsoft.AspNetCore.Hosting.Diagnostics: Request starting HTTP/2 GET https://localhost:7253/swagger/v1/swagger.json - -
[2023-08-26 19:08:58.160 -07:00  INF] Microsoft.AspNetCore.Hosting.Diagnostics: Request finished HTTP/2 GET https://localhost:7253/swagger/v1/swagger.json - - - 200 - application/json;charset=utf-8 89.0459ms
[2023-08-26 19:14:10.696 -07:00  INF] Microsoft.AspNetCore.Hosting.Diagnostics: Request starting HTTP/1.1 GET https://localhost:7253/api/author/mark/uYSG8_4rDaryl8YpdZr-7Nw-8KiYEsKER4nA14NktOQ - -
[2023-08-26 19:14:10.697 -07:00  INF] Microsoft.AspNetCore.Hosting.Diagnostics: Request starting HTTP/1.1 GET https://localhost:7253/api/author/mark/uYSG8_4rDaryl8YpdZr-7Nw-8KiYEsKER4nA14NktOQ - -
[2023-08-26 19:14:10.724 -07:00  INF] Microsoft.AspNetCore.Routing.EndpointMiddleware: Executing endpoint 'LSPApi.Controllers.AuthorController.GetByUsername (LSPApi)'
[2023-08-26 19:14:10.724 -07:00  INF] Microsoft.AspNetCore.Routing.EndpointMiddleware: Executing endpoint 'LSPApi.Controllers.AuthorController.GetByUsername (LSPApi)'
[2023-08-26 19:14:10.751 -07:00  INF] Microsoft.AspNetCore.Mvc.Infrastructure.ControllerActionInvoker: Route matched with {action = "GetByUsername", controller = "Author"}. Executing controller action with signature System.Threading.Tasks.Task`1[LSPApi.DataLayer.Model.AuthorDto] GetByUsername(System.String, System.String) on controller LSPApi.Controllers.AuthorController (LSPApi).
[2023-08-26 19:14:10.751 -07:00  INF] Microsoft.AspNetCore.Mvc.Infrastructure.ControllerActionInvoker: Route matched with {action = "GetByUsername", controller = "Author"}. Executing controller action with signature System.Threading.Tasks.Task`1[LSPApi.DataLayer.Model.AuthorDto] GetByUsername(System.String, System.String) on controller LSPApi.Controllers.AuthorController (LSPApi).
[2023-08-26 19:14:11.965 -07:00  INF] Microsoft.EntityFrameworkCore.Database.Command: Executed DbCommand (61ms) [Parameters=[@__username_0='?' (Size = 4000), @__decrypted_1='?' (Size = 4000)], CommandType='"Text"', CommandTimeout='30']
SELECT `a`.`AuthorID`, `a`.`Address1`, `a`.`Address2`, `a`.`Admin`, `a`.`Bio`, `a`.`BusinessPhone`, `a`.`CellPhone`, `a`.`City`, `a`.`Country`, `a`.`DateCreated`, `a`.`DateUpdated`, `a`.`Email`, `a`.`FirstName`, `a`.`HomePhone`, `a`.`LastName`, `a`.`MiddleName`, `a`.`Password`, `a`.`Prefix`, `a`.`State`, `a`.`Suffix`, `a`.`Username`, `a`.`ZIP`
FROM `Author` AS `a`
WHERE (`a`.`Username` = @__username_0) AND (`a`.`Password` = @__decrypted_1)
LIMIT 1
[2023-08-26 19:14:11.965 -07:00  INF] Microsoft.EntityFrameworkCore.Database.Command: Executed DbCommand (61ms) [Parameters=[@__username_0='?' (Size = 4000), @__decrypted_1='?' (Size = 4000)], CommandType='"Text"', CommandTimeout='30']
SELECT `a`.`AuthorID`, `a`.`Address1`, `a`.`Address2`, `a`.`Admin`, `a`.`Bio`, `a`.`BusinessPhone`, `a`.`CellPhone`, `a`.`City`, `a`.`Country`, `a`.`DateCreated`, `a`.`DateUpdated`, `a`.`Email`, `a`.`FirstName`, `a`.`HomePhone`, `a`.`LastName`, `a`.`MiddleName`, `a`.`Password`, `a`.`Prefix`, `a`.`State`, `a`.`Suffix`, `a`.`Username`, `a`.`ZIP`
FROM `Author` AS `a`
WHERE (`a`.`Username` = @__username_0) AND (`a`.`Password` = @__decrypted_1)
LIMIT 1
[2023-08-26 19:14:12.071 -07:00  INF] Microsoft.AspNetCore.Mvc.Infrastructure.ObjectResultExecutor: Executing ObjectResult, writing value of type 'LSPApi.DataLayer.Model.AuthorDto'.
[2023-08-26 19:14:12.071 -07:00  INF] Microsoft.AspNetCore.Mvc.Infrastructure.ObjectResultExecutor: Executing ObjectResult, writing value of type 'LSPApi.DataLayer.Model.AuthorDto'.
[2023-08-26 19:14:12.088 -07:00  INF] Microsoft.AspNetCore.Mvc.Infrastructure.ControllerActionInvoker: Executed action LSPApi.Controllers.AuthorController.GetByUsername (LSPApi) in 1329.0324ms
[2023-08-26 19:14:12.088 -07:00  INF] Microsoft.AspNetCore.Mvc.Infrastructure.ControllerActionInvoker: Executed action LSPApi.Controllers.AuthorController.GetByUsername (LSPApi) in 1329.0318ms
[2023-08-26 19:14:12.091 -07:00  INF] Microsoft.AspNetCore.Routing.EndpointMiddleware: Executed endpoint 'LSPApi.Controllers.AuthorController.GetByUsername (LSPApi)'
[2023-08-26 19:14:12.091 -07:00  INF] Microsoft.AspNetCore.Routing.EndpointMiddleware: Executed endpoint 'LSPApi.Controllers.AuthorController.GetByUsername (LSPApi)'
[2023-08-26 19:14:12.105 -07:00  INF] Microsoft.AspNetCore.Hosting.Diagnostics: Request finished HTTP/1.1 GET https://localhost:7253/api/author/mark/uYSG8_4rDaryl8YpdZr-7Nw-8KiYEsKER4nA14NktOQ - - - 200 - application/json;+charset=utf-8 1409.2020ms
[2023-08-26 19:14:12.106 -07:00  INF] Microsoft.AspNetCore.Hosting.Diagnostics: Request finished HTTP/1.1 GET https://localhost:7253/api/author/mark/uYSG8_4rDaryl8YpdZr-7Nw-8KiYEsKER4nA14NktOQ - - - 200 - application/json;+charset=utf-8 1409.2022ms
[2023-08-26 19:15:57.939 -07:00  INF] Microsoft.AspNetCore.Hosting.Diagnostics: Request starting HTTP/1.1 GET https://localhost:7253/api/author/mark/uYSG8_4rDaryl8YpdZr-7Nw-8KiYEsKER4nA14NktOQ - -
[2023-08-26 19:15:57.942 -07:00  INF] Microsoft.AspNetCore.Hosting.Diagnostics: Request starting HTTP/1.1 GET https://localhost:7253/api/author/mark/uYSG8_4rDaryl8YpdZr-7Nw-8KiYEsKER4nA14NktOQ - -
[2023-08-26 19:15:57.943 -07:00  INF] Microsoft.AspNetCore.Routing.EndpointMiddleware: Executing endpoint 'LSPApi.Controllers.AuthorController.GetByUsername (LSPApi)'
[2023-08-26 19:15:57.944 -07:00  INF] Microsoft.AspNetCore.Routing.EndpointMiddleware: Executing endpoint 'LSPApi.Controllers.AuthorController.GetByUsername (LSPApi)'
[2023-08-26 19:15:57.945 -07:00  INF] Microsoft.AspNetCore.Mvc.Infrastructure.ControllerActionInvoker: Route matched with {action = "GetByUsername", controller = "Author"}. Executing controller action with signature System.Threading.Tasks.Task`1[LSPApi.DataLayer.Model.AuthorDto] GetByUsername(System.String, System.String) on controller LSPApi.Controllers.AuthorController (LSPApi).
[2023-08-26 19:15:57.945 -07:00  INF] Microsoft.AspNetCore.Mvc.Infrastructure.ControllerActionInvoker: Route matched with {action = "GetByUsername", controller = "Author"}. Executing controller action with signature System.Threading.Tasks.Task`1[LSPApi.DataLayer.Model.AuthorDto] GetByUsername(System.String, System.String) on controller LSPApi.Controllers.AuthorController (LSPApi).
[2023-08-26 19:15:58.262 -07:00  INF] Microsoft.EntityFrameworkCore.Database.Command: Executed DbCommand (32ms) [Parameters=[@__username_0='?' (Size = 4000), @__decrypted_1='?' (Size = 4000)], CommandType='"Text"', CommandTimeout='30']
SELECT `a`.`AuthorID`, `a`.`Address1`, `a`.`Address2`, `a`.`Admin`, `a`.`Bio`, `a`.`BusinessPhone`, `a`.`CellPhone`, `a`.`City`, `a`.`Country`, `a`.`DateCreated`, `a`.`DateUpdated`, `a`.`Email`, `a`.`FirstName`, `a`.`HomePhone`, `a`.`LastName`, `a`.`MiddleName`, `a`.`Password`, `a`.`Prefix`, `a`.`State`, `a`.`Suffix`, `a`.`Username`, `a`.`ZIP`
FROM `Author` AS `a`
WHERE (`a`.`Username` = @__username_0) AND (`a`.`Password` = @__decrypted_1)
LIMIT 1
[2023-08-26 19:15:58.263 -07:00  INF] Microsoft.EntityFrameworkCore.Database.Command: Executed DbCommand (33ms) [Parameters=[@__username_0='?' (Size = 4000), @__decrypted_1='?' (Size = 4000)], CommandType='"Text"', CommandTimeout='30']
SELECT `a`.`AuthorID`, `a`.`Address1`, `a`.`Address2`, `a`.`Admin`, `a`.`Bio`, `a`.`BusinessPhone`, `a`.`CellPhone`, `a`.`City`, `a`.`Country`, `a`.`DateCreated`, `a`.`DateUpdated`, `a`.`Email`, `a`.`FirstName`, `a`.`HomePhone`, `a`.`LastName`, `a`.`MiddleName`, `a`.`Password`, `a`.`Prefix`, `a`.`State`, `a`.`Suffix`, `a`.`Username`, `a`.`ZIP`
FROM `Author` AS `a`
WHERE (`a`.`Username` = @__username_0) AND (`a`.`Password` = @__decrypted_1)
LIMIT 1
[2023-08-26 19:15:58.264 -07:00  INF] Microsoft.AspNetCore.Mvc.Infrastructure.ObjectResultExecutor: Executing ObjectResult, writing value of type 'LSPApi.DataLayer.Model.AuthorDto'.
[2023-08-26 19:15:58.264 -07:00  INF] Microsoft.AspNetCore.Mvc.Infrastructure.ObjectResultExecutor: Executing ObjectResult, writing value of type 'LSPApi.DataLayer.Model.AuthorDto'.
[2023-08-26 19:15:58.265 -07:00  INF] Microsoft.AspNetCore.Mvc.Infrastructure.ControllerActionInvoker: Executed action LSPApi.Controllers.AuthorController.GetByUsername (LSPApi) in 319.5732ms
[2023-08-26 19:15:58.266 -07:00  INF] Microsoft.AspNetCore.Mvc.Infrastructure.ControllerActionInvoker: Executed action LSPApi.Controllers.AuthorController.GetByUsername (LSPApi) in 319.628ms
[2023-08-26 19:15:58.266 -07:00  INF] Microsoft.AspNetCore.Routing.EndpointMiddleware: Executed endpoint 'LSPApi.Controllers.AuthorController.GetByUsername (LSPApi)'
[2023-08-26 19:15:58.267 -07:00  INF] Microsoft.AspNetCore.Routing.EndpointMiddleware: Executed endpoint 'LSPApi.Controllers.AuthorController.GetByUsername (LSPApi)'
[2023-08-26 19:15:58.268 -07:00  INF] Microsoft.AspNetCore.Hosting.Diagnostics: Request finished HTTP/1.1 GET https://localhost:7253/api/author/mark/uYSG8_4rDaryl8YpdZr-7Nw-8KiYEsKER4nA14NktOQ - - - 200 - application/json;+charset=utf-8 327.1427ms
[2023-08-26 19:15:58.268 -07:00  INF] Microsoft.AspNetCore.Hosting.Diagnostics: Request finished HTTP/1.1 GET https://localhost:7253/api/author/mark/uYSG8_4rDaryl8YpdZr-7Nw-8KiYEsKER4nA14NktOQ - - - 200 - application/json;+charset=utf-8 329.6542ms
[2023-08-26 19:16:06.593 -07:00  INF] Microsoft.AspNetCore.Hosting.Diagnostics: Request starting HTTP/1.1 GET https://localhost:7253/api/book/author/1 - -
[2023-08-26 19:16:06.594 -07:00  INF] Microsoft.AspNetCore.Hosting.Diagnostics: Request finished HTTP/1.1 GET https://localhost:7253/api/book/author/1 - - - 404 0 - 1.3670ms
[2023-08-26 19:16:46.471 -07:00  INF] Microsoft.AspNetCore.Hosting.Diagnostics: Request starting HTTP/1.1 GET https://localhost:7253/api/author/mark/uYSG8_4rDaryl8YpdZr-7Nw-8KiYEsKER4nA14NktOQ - -
[2023-08-26 19:16:46.471 -07:00  INF] Microsoft.AspNetCore.Hosting.Diagnostics: Request starting HTTP/1.1 GET https://localhost:7253/api/author/mark/uYSG8_4rDaryl8YpdZr-7Nw-8KiYEsKER4nA14NktOQ - -
[2023-08-26 19:16:46.472 -07:00  INF] Microsoft.AspNetCore.Routing.EndpointMiddleware: Executing endpoint 'LSPApi.Controllers.AuthorController.GetByUsername (LSPApi)'
[2023-08-26 19:16:46.472 -07:00  INF] Microsoft.AspNetCore.Routing.EndpointMiddleware: Executing endpoint 'LSPApi.Controllers.AuthorController.GetByUsername (LSPApi)'
[2023-08-26 19:16:46.473 -07:00  INF] Microsoft.AspNetCore.Mvc.Infrastructure.ControllerActionInvoker: Route matched with {action = "GetByUsername", controller = "Author"}. Executing controller action with signature System.Threading.Tasks.Task`1[LSPApi.DataLayer.Model.AuthorDto] GetByUsername(System.String, System.String) on controller LSPApi.Controllers.AuthorController (LSPApi).
[2023-08-26 19:16:46.474 -07:00  INF] Microsoft.AspNetCore.Mvc.Infrastructure.ControllerActionInvoker: Route matched with {action = "GetByUsername", controller = "Author"}. Executing controller action with signature System.Threading.Tasks.Task`1[LSPApi.DataLayer.Model.AuthorDto] GetByUsername(System.String, System.String) on controller LSPApi.Controllers.AuthorController (LSPApi).
[2023-08-26 19:16:46.539 -07:00  INF] Microsoft.EntityFrameworkCore.Database.Command: Executed DbCommand (30ms) [Parameters=[@__username_0='?' (Size = 4000), @__decrypted_1='?' (Size = 4000)], CommandType='"Text"', CommandTimeout='30']
SELECT `a`.`AuthorID`, `a`.`Address1`, `a`.`Address2`, `a`.`Admin`, `a`.`Bio`, `a`.`BusinessPhone`, `a`.`CellPhone`, `a`.`City`, `a`.`Country`, `a`.`DateCreated`, `a`.`DateUpdated`, `a`.`Email`, `a`.`FirstName`, `a`.`HomePhone`, `a`.`LastName`, `a`.`MiddleName`, `a`.`Password`, `a`.`Prefix`, `a`.`State`, `a`.`Suffix`, `a`.`Username`, `a`.`ZIP`
FROM `Author` AS `a`
WHERE (`a`.`Username` = @__username_0) AND (`a`.`Password` = @__decrypted_1)
LIMIT 1
[2023-08-26 19:16:46.540 -07:00  INF] Microsoft.EntityFrameworkCore.Database.Command: Executed DbCommand (30ms) [Parameters=[@__username_0='?' (Size = 4000), @__decrypted_1='?' (Size = 4000)], CommandType='"Text"', CommandTimeout='30']
SELECT `a`.`AuthorID`, `a`.`Address1`, `a`.`Address2`, `a`.`Admin`, `a`.`Bio`, `a`.`BusinessPhone`, `a`.`CellPhone`, `a`.`City`, `a`.`Country`, `a`.`DateCreated`, `a`.`DateUpdated`, `a`.`Email`, `a`.`FirstName`, `a`.`HomePhone`, `a`.`LastName`, `a`.`MiddleName`, `a`.`Password`, `a`.`Prefix`, `a`.`State`, `a`.`Suffix`, `a`.`Username`, `a`.`ZIP`
FROM `Author` AS `a`
WHERE (`a`.`Username` = @__username_0) AND (`a`.`Password` = @__decrypted_1)
LIMIT 1
[2023-08-26 19:16:46.540 -07:00  INF] Microsoft.AspNetCore.Mvc.Infrastructure.ObjectResultExecutor: Executing ObjectResult, writing value of type 'LSPApi.DataLayer.Model.AuthorDto'.
[2023-08-26 19:16:46.541 -07:00  INF] Microsoft.AspNetCore.Mvc.Infrastructure.ObjectResultExecutor: Executing ObjectResult, writing value of type 'LSPApi.DataLayer.Model.AuthorDto'.
[2023-08-26 19:16:46.542 -07:00  INF] Microsoft.AspNetCore.Mvc.Infrastructure.ControllerActionInvoker: Executed action LSPApi.Controllers.AuthorController.GetByUsername (LSPApi) in 67.5236ms
[2023-08-26 19:16:46.542 -07:00  INF] Microsoft.AspNetCore.Mvc.Infrastructure.ControllerActionInvoker: Executed action LSPApi.Controllers.AuthorController.GetByUsername (LSPApi) in 67.8401ms
[2023-08-26 19:16:46.543 -07:00  INF] Microsoft.AspNetCore.Routing.EndpointMiddleware: Executed endpoint 'LSPApi.Controllers.AuthorController.GetByUsername (LSPApi)'
[2023-08-26 19:16:46.544 -07:00  INF] Microsoft.AspNetCore.Routing.EndpointMiddleware: Executed endpoint 'LSPApi.Controllers.AuthorController.GetByUsername (LSPApi)'
[2023-08-26 19:16:46.545 -07:00  INF] Microsoft.AspNetCore.Hosting.Diagnostics: Request finished HTTP/1.1 GET https://localhost:7253/api/author/mark/uYSG8_4rDaryl8YpdZr-7Nw-8KiYEsKER4nA14NktOQ - - - 200 - application/json;+charset=utf-8 74.5840ms
[2023-08-26 19:16:46.545 -07:00  INF] Microsoft.AspNetCore.Hosting.Diagnostics: Request finished HTTP/1.1 GET https://localhost:7253/api/author/mark/uYSG8_4rDaryl8YpdZr-7Nw-8KiYEsKER4nA14NktOQ - - - 200 - application/json;+charset=utf-8 75.3503ms
[2023-08-26 19:16:51.033 -07:00  INF] Microsoft.AspNetCore.Hosting.Diagnostics: Request starting HTTP/1.1 GET https://localhost:7253/api/book/author/1 - -
[2023-08-26 19:16:51.034 -07:00  INF] Microsoft.AspNetCore.Hosting.Diagnostics: Request finished HTTP/1.1 GET https://localhost:7253/api/book/author/1 - - - 404 0 - 0.9905ms
[2023-08-26 19:17:51.970 -07:00  INF] Microsoft.AspNetCore.Hosting.Diagnostics: Request starting HTTP/2 GET https://localhost:7253/author/1 - -
[2023-08-26 19:17:51.972 -07:00  INF] Microsoft.AspNetCore.Routing.EndpointMiddleware: Executing endpoint 'LSPApi.Controllers.BookController.GetByAuthorId (LSPApi)'
[2023-08-26 19:17:51.974 -07:00  INF] Microsoft.AspNetCore.Mvc.Infrastructure.ControllerActionInvoker: Route matched with {action = "GetByAuthorId", controller = "Book"}. Executing controller action with signature System.Threading.Tasks.Task`1[System.Collections.Generic.List`1[LSPApi.DataLayer.Model.BookDto]] GetByAuthorId(Int32) on controller LSPApi.Controllers.BookController (LSPApi).
[2023-08-26 19:17:52.063 -07:00  INF] Microsoft.EntityFrameworkCore.Database.Command: Executed DbCommand (45ms) [Parameters=[@__id_0='?' (DbType = Int32)], CommandType='"Text"', CommandTimeout='30']
SELECT `b`.`BookID`, `b`.`AuthorBio`, `b`.`AuthorID`, `b`.`AuthorPhoto`, `b`.`Cover`, `b`.`CoverIdea`, `b`.`DateCreated`, `b`.`DateUpdated`, `b`.`Description`, `b`.`ISBN`, `b`.`Interior`, `b`.`Subtitle`, `b`.`Title`
FROM `Book` AS `b`
WHERE `b`.`AuthorID` = @__id_0
[2023-08-26 19:17:52.078 -07:00  INF] Microsoft.AspNetCore.Mvc.Infrastructure.ObjectResultExecutor: Executing ObjectResult, writing value of type 'System.Collections.Generic.List`1[[LSPApi.DataLayer.Model.BookDto, DataLayer, Version=1.0.0.0, Culture=neutral, PublicKeyToken=null]]'.
[2023-08-26 19:17:52.081 -07:00  INF] Microsoft.AspNetCore.Mvc.Infrastructure.ControllerActionInvoker: Executed action LSPApi.Controllers.BookController.GetByAuthorId (LSPApi) in 105.3665ms
[2023-08-26 19:17:52.082 -07:00  INF] Microsoft.AspNetCore.Routing.EndpointMiddleware: Executed endpoint 'LSPApi.Controllers.BookController.GetByAuthorId (LSPApi)'
[2023-08-26 19:17:52.083 -07:00  INF] Microsoft.AspNetCore.Hosting.Diagnostics: Request finished HTTP/2 GET https://localhost:7253/author/1 - - - 200 - application/json;+charset=utf-8 113.7513ms
[2023-08-26 19:18:40.984 -07:00  INF] Microsoft.AspNetCore.Hosting.Diagnostics: Request starting HTTP/2 GET https://localhost:7253/swagger/index.html - -
[2023-08-26 19:18:41.264 -07:00  INF] Microsoft.AspNetCore.Hosting.Diagnostics: Request finished HTTP/2 GET https://localhost:7253/swagger/index.html - - - 200 - text/html;charset=utf-8 287.9592ms
[2023-08-26 19:18:41.267 -07:00  INF] Microsoft.AspNetCore.Hosting.Diagnostics: Request starting HTTP/2 GET https://localhost:7253/_framework/aspnetcore-browser-refresh.js - -
[2023-08-26 19:18:41.272 -07:00  INF] Microsoft.AspNetCore.Hosting.Diagnostics: Request finished HTTP/2 GET https://localhost:7253/_framework/aspnetcore-browser-refresh.js - - - 200 12344 application/javascript;+charset=utf-8 5.7757ms
[2023-08-26 19:18:41.275 -07:00  INF] Microsoft.AspNetCore.Hosting.Diagnostics: Request starting HTTP/2 GET https://localhost:7253/_vs/browserLink - -
[2023-08-26 19:18:41.287 -07:00  INF] Microsoft.AspNetCore.Hosting.Diagnostics: Request finished HTTP/2 GET https://localhost:7253/_vs/browserLink - - - 200 - text/javascript;+charset=UTF-8 11.9512ms
[2023-08-26 19:18:41.494 -07:00  INF] Microsoft.AspNetCore.Hosting.Diagnostics: Request starting HTTP/2 GET https://localhost:7253/swagger/v1/swagger.json - -
[2023-08-26 19:18:41.576 -07:00  INF] Microsoft.AspNetCore.Hosting.Diagnostics: Request finished HTTP/2 GET https://localhost:7253/swagger/v1/swagger.json - - - 200 - application/json;charset=utf-8 82.1992ms
[2023-08-26 19:18:53.861 -07:00  INF] Microsoft.AspNetCore.Hosting.Diagnostics: Request starting HTTP/1.1 GET https://localhost:7253/api/author/mark/uYSG8_4rDaryl8YpdZr-7Nw-8KiYEsKER4nA14NktOQ - -
[2023-08-26 19:18:53.862 -07:00  INF] Microsoft.AspNetCore.Hosting.Diagnostics: Request starting HTTP/1.1 GET https://localhost:7253/api/author/mark/uYSG8_4rDaryl8YpdZr-7Nw-8KiYEsKER4nA14NktOQ - -
[2023-08-26 19:18:53.886 -07:00  INF] Microsoft.AspNetCore.Routing.EndpointMiddleware: Executing endpoint 'LSPApi.Controllers.AuthorController.GetByUsername (LSPApi)'
[2023-08-26 19:18:53.886 -07:00  INF] Microsoft.AspNetCore.Routing.EndpointMiddleware: Executing endpoint 'LSPApi.Controllers.AuthorController.GetByUsername (LSPApi)'
[2023-08-26 19:18:53.913 -07:00  INF] Microsoft.AspNetCore.Mvc.Infrastructure.ControllerActionInvoker: Route matched with {action = "GetByUsername", controller = "Author"}. Executing controller action with signature System.Threading.Tasks.Task`1[LSPApi.DataLayer.Model.AuthorDto] GetByUsername(System.String, System.String) on controller LSPApi.Controllers.AuthorController (LSPApi).
[2023-08-26 19:18:53.913 -07:00  INF] Microsoft.AspNetCore.Mvc.Infrastructure.ControllerActionInvoker: Route matched with {action = "GetByUsername", controller = "Author"}. Executing controller action with signature System.Threading.Tasks.Task`1[LSPApi.DataLayer.Model.AuthorDto] GetByUsername(System.String, System.String) on controller LSPApi.Controllers.AuthorController (LSPApi).
[2023-08-26 19:18:55.129 -07:00  INF] Microsoft.EntityFrameworkCore.Database.Command: Executed DbCommand (63ms) [Parameters=[@__username_0='?' (Size = 4000), @__decrypted_1='?' (Size = 4000)], CommandType='"Text"', CommandTimeout='30']
SELECT `a`.`AuthorID`, `a`.`Address1`, `a`.`Address2`, `a`.`Admin`, `a`.`Bio`, `a`.`BusinessPhone`, `a`.`CellPhone`, `a`.`City`, `a`.`Country`, `a`.`DateCreated`, `a`.`DateUpdated`, `a`.`Email`, `a`.`FirstName`, `a`.`HomePhone`, `a`.`LastName`, `a`.`MiddleName`, `a`.`Password`, `a`.`Prefix`, `a`.`State`, `a`.`Suffix`, `a`.`Username`, `a`.`ZIP`
FROM `Author` AS `a`
WHERE (`a`.`Username` = @__username_0) AND (`a`.`Password` = @__decrypted_1)
LIMIT 1
[2023-08-26 19:18:55.129 -07:00  INF] Microsoft.EntityFrameworkCore.Database.Command: Executed DbCommand (63ms) [Parameters=[@__username_0='?' (Size = 4000), @__decrypted_1='?' (Size = 4000)], CommandType='"Text"', CommandTimeout='30']
SELECT `a`.`AuthorID`, `a`.`Address1`, `a`.`Address2`, `a`.`Admin`, `a`.`Bio`, `a`.`BusinessPhone`, `a`.`CellPhone`, `a`.`City`, `a`.`Country`, `a`.`DateCreated`, `a`.`DateUpdated`, `a`.`Email`, `a`.`FirstName`, `a`.`HomePhone`, `a`.`LastName`, `a`.`MiddleName`, `a`.`Password`, `a`.`Prefix`, `a`.`State`, `a`.`Suffix`, `a`.`Username`, `a`.`ZIP`
FROM `Author` AS `a`
WHERE (`a`.`Username` = @__username_0) AND (`a`.`Password` = @__decrypted_1)
LIMIT 1
[2023-08-26 19:18:55.236 -07:00  INF] Microsoft.AspNetCore.Mvc.Infrastructure.ObjectResultExecutor: Executing ObjectResult, writing value of type 'LSPApi.DataLayer.Model.AuthorDto'.
[2023-08-26 19:18:55.236 -07:00  INF] Microsoft.AspNetCore.Mvc.Infrastructure.ObjectResultExecutor: Executing ObjectResult, writing value of type 'LSPApi.DataLayer.Model.AuthorDto'.
[2023-08-26 19:18:55.253 -07:00  INF] Microsoft.AspNetCore.Mvc.Infrastructure.ControllerActionInvoker: Executed action LSPApi.Controllers.AuthorController.GetByUsername (LSPApi) in 1332.407ms
[2023-08-26 19:18:55.253 -07:00  INF] Microsoft.AspNetCore.Mvc.Infrastructure.ControllerActionInvoker: Executed action LSPApi.Controllers.AuthorController.GetByUsername (LSPApi) in 1332.2759ms
[2023-08-26 19:18:55.255 -07:00  INF] Microsoft.AspNetCore.Routing.EndpointMiddleware: Executed endpoint 'LSPApi.Controllers.AuthorController.GetByUsername (LSPApi)'
[2023-08-26 19:18:55.256 -07:00  INF] Microsoft.AspNetCore.Routing.EndpointMiddleware: Executed endpoint 'LSPApi.Controllers.AuthorController.GetByUsername (LSPApi)'
[2023-08-26 19:18:55.268 -07:00  INF] Microsoft.AspNetCore.Hosting.Diagnostics: Request finished HTTP/1.1 GET https://localhost:7253/api/author/mark/uYSG8_4rDaryl8YpdZr-7Nw-8KiYEsKER4nA14NktOQ - - - 200 - application/json;+charset=utf-8 1406.8895ms
[2023-08-26 19:18:55.269 -07:00  INF] Microsoft.AspNetCore.Hosting.Diagnostics: Request finished HTTP/1.1 GET https://localhost:7253/api/author/mark/uYSG8_4rDaryl8YpdZr-7Nw-8KiYEsKER4nA14NktOQ - - - 200 - application/json;+charset=utf-8 1406.8918ms
[2023-08-26 19:19:04.621 -07:00  INF] Microsoft.AspNetCore.Hosting.Diagnostics: Request starting HTTP/1.1 GET https://localhost:7253/api/book/author/1 - -
[2023-08-26 19:19:04.623 -07:00  INF] Microsoft.AspNetCore.Hosting.Diagnostics: Request finished HTTP/1.1 GET https://localhost:7253/api/book/author/1 - - - 404 0 - 1.9144ms
